2023-12-17 10:18:41.234  INFO 18204 --- [main] com.springboot.demo.DemoApplication      : Starting DemoApplication using Java 11.0.15 on Ashwin-DESKTOP-89R6KLU with PID 18204 (C:\Ashwin\Professional\Wokspaces\Eclipse-Workspace\All In One\security_with_swagger_2\target\classes started by ashwin in C:\Ashwin\Professional\Wokspaces\Eclipse-Workspace\All In One\security_with_swagger_2)
2023-12-17 10:18:41.255  INFO 18204 --- [main] com.springboot.demo.DemoApplication      : The following 1 profile is active: "dev"
2023-12-17 10:18:43.135  INFO 18204 --- [main] .s.d.r.c.RepositoryConfigurationDelegate : Bootstrapping Spring Data JPA repositories in DEFAULT mode.
2023-12-17 10:18:43.307  INFO 18204 --- [main] .s.d.r.c.RepositoryConfigurationDelegate : Finished Spring Data repository scanning in 154 ms. Found 1 JPA repository interfaces.
2023-12-17 10:18:44.893  INFO 18204 --- [main] o.s.b.w.embedded.tomcat.TomcatWebServer  : Tomcat initialized with port(s): 8080 (http)
2023-12-17 10:18:44.923  INFO 18204 --- [main] o.apache.catalina.core.StandardService   : Starting service [Tomcat]
2023-12-17 10:18:44.923  INFO 18204 --- [main] org.apache.catalina.core.StandardEngine  : Starting Servlet engine: [Apache Tomcat/9.0.83]
2023-12-17 10:18:45.224  INFO 18204 --- [main] o.a.c.c.C.[Tomcat].[localhost].[/]       : Initializing Spring embedded WebApplicationContext
2023-12-17 10:18:45.224  INFO 18204 --- [main] w.s.c.ServletWebServerApplicationContext : Root WebApplicationContext: initialization completed in 3760 ms
2023-12-17 10:18:45.759  INFO 18204 --- [main] o.hibernate.jpa.internal.util.LogHelper  : HHH000204: Processing PersistenceUnitInfo [name: default]
2023-12-17 10:18:45.928  INFO 18204 --- [main] org.hibernate.Version                    : HHH000412: Hibernate ORM core version 5.6.15.Final
2023-12-17 10:18:46.391  INFO 18204 --- [main] o.hibernate.annotations.common.Version   : HCANN000001: Hibernate Commons Annotations {5.1.2.Final}
2023-12-17 10:18:46.735  INFO 18204 --- [main] com.zaxxer.hikari.HikariDataSource       : HikariPool-1 - Starting...
2023-12-17 10:18:47.251  INFO 18204 --- [main] com.zaxxer.hikari.HikariDataSource       : HikariPool-1 - Start completed.
2023-12-17 10:18:47.294  INFO 18204 --- [main] org.hibernate.dialect.Dialect            : HHH000400: Using dialect: org.hibernate.dialect.MySQL57Dialect
2023-12-17 10:18:48.760  INFO 18204 --- [main] o.h.e.t.j.p.i.JtaPlatformInitiator       : HHH000490: Using JtaPlatform implementation: [org.hibernate.engine.transaction.jta.platform.internal.NoJtaPlatform]
2023-12-17 10:18:48.795  INFO 18204 --- [main] j.LocalContainerEntityManagerFactoryBean : Initialized JPA EntityManagerFactory for persistence unit 'default'
2023-12-17 10:18:49.907  WARN 18204 --- [main] JpaBaseConfiguration$JpaWebConfiguration : spring.jpa.open-in-view is enabled by default. Therefore, database queries may be performed during view rendering. Explicitly configure spring.jpa.open-in-view to disable this warning
2023-12-17 10:18:51.000  INFO 18204 --- [main] o.s.s.web.DefaultSecurityFilterChain     : Will secure any request with [org.springframework.security.web.session.DisableEncodeUrlFilter@1af78e37, org.springframework.security.web.context.request.async.WebAsyncManagerIntegrationFilter@5c46a957, org.springframework.security.web.context.SecurityContextPersistenceFilter@3ab70d34, org.springframework.security.web.header.HeaderWriterFilter@33f4844b, org.springframework.web.filter.CorsFilter@7d95a717, org.springframework.security.web.authentication.logout.LogoutFilter@2a2815cc, org.springframework.security.web.authentication.UsernamePasswordAuthenticationFilter@43b7bd5a, org.springframework.security.web.authentication.www.BasicAuthenticationFilter@76cbee13, org.springframework.security.web.savedrequest.RequestCacheAwareFilter@7c523bdd, org.springframework.security.web.servletapi.SecurityContextHolderAwareRequestFilter@28d7bd6b, org.springframework.security.web.authentication.AnonymousAuthenticationFilter@5c0f508b, org.springframework.security.web.session.SessionManagementFilter@435a2c7d, org.springframework.security.web.access.ExceptionTranslationFilter@412440c1, org.springframework.security.web.access.intercept.FilterSecurityInterceptor@1cd2e348]
2023-12-17 10:18:51.366  INFO 18204 --- [main] o.s.b.w.embedded.tomcat.TomcatWebServer  : Tomcat started on port(s): 8080 (http) with context path ''
2023-12-17 10:18:51.385  INFO 18204 --- [main] com.springboot.demo.DemoApplication      : Started DemoApplication in 11.487 seconds (JVM running for 13.967)
2023-12-17 10:19:00.010  INFO 18204 --- [http-nio-8080-exec-2] o.a.c.c.C.[Tomcat].[localhost].[/]       : Initializing Spring DispatcherServlet 'dispatcherServlet'
2023-12-17 10:19:00.011  INFO 18204 --- [http-nio-8080-exec-2] o.s.web.servlet.DispatcherServlet        : Initializing Servlet 'dispatcherServlet'
2023-12-17 10:19:00.015  INFO 18204 --- [http-nio-8080-exec-2] o.s.web.servlet.DispatcherServlet        : Completed initialization in 3 ms
2023-12-17 10:20:29.463  INFO 11796 --- [main] com.springboot.demo.DemoApplication      : Starting DemoApplication using Java 11.0.15 on Ashwin-DESKTOP-89R6KLU with PID 11796 (C:\Ashwin\Professional\Wokspaces\Eclipse-Workspace\All In One\security_with_swagger_2\target\classes started by ashwin in C:\Ashwin\Professional\Wokspaces\Eclipse-Workspace\All In One\security_with_swagger_2)
2023-12-17 10:20:29.469  INFO 11796 --- [main] com.springboot.demo.DemoApplication      : The following 1 profile is active: "dev"
2023-12-17 10:20:30.301  INFO 11796 --- [main] .s.d.r.c.RepositoryConfigurationDelegate : Bootstrapping Spring Data JPA repositories in DEFAULT mode.
2023-12-17 10:20:30.357  INFO 11796 --- [main] .s.d.r.c.RepositoryConfigurationDelegate : Finished Spring Data repository scanning in 46 ms. Found 1 JPA repository interfaces.
2023-12-17 10:20:31.041  INFO 11796 --- [main] o.s.b.w.embedded.tomcat.TomcatWebServer  : Tomcat initialized with port(s): 8080 (http)
2023-12-17 10:20:31.055  INFO 11796 --- [main] o.apache.catalina.core.StandardService   : Starting service [Tomcat]
2023-12-17 10:20:31.055  INFO 11796 --- [main] org.apache.catalina.core.StandardEngine  : Starting Servlet engine: [Apache Tomcat/9.0.83]
2023-12-17 10:20:31.215  INFO 11796 --- [main] o.a.c.c.C.[Tomcat].[localhost].[/]       : Initializing Spring embedded WebApplicationContext
2023-12-17 10:20:31.216  INFO 11796 --- [main] w.s.c.ServletWebServerApplicationContext : Root WebApplicationContext: initialization completed in 1694 ms
2023-12-17 10:20:31.481  INFO 11796 --- [main] o.hibernate.jpa.internal.util.LogHelper  : HHH000204: Processing PersistenceUnitInfo [name: default]
2023-12-17 10:20:31.616  INFO 11796 --- [main] org.hibernate.Version                    : HHH000412: Hibernate ORM core version 5.6.15.Final
2023-12-17 10:20:31.905  INFO 11796 --- [main] o.hibernate.annotations.common.Version   : HCANN000001: Hibernate Commons Annotations {5.1.2.Final}
2023-12-17 10:20:32.026  INFO 11796 --- [main] com.zaxxer.hikari.HikariDataSource       : HikariPool-1 - Starting...
2023-12-17 10:20:32.218  INFO 11796 --- [main] com.zaxxer.hikari.HikariDataSource       : HikariPool-1 - Start completed.
2023-12-17 10:20:32.241  INFO 11796 --- [main] org.hibernate.dialect.Dialect            : HHH000400: Using dialect: org.hibernate.dialect.MySQL57Dialect
2023-12-17 10:20:32.941  INFO 11796 --- [main] o.h.e.t.j.p.i.JtaPlatformInitiator       : HHH000490: Using JtaPlatform implementation: [org.hibernate.engine.transaction.jta.platform.internal.NoJtaPlatform]
2023-12-17 10:20:32.952  INFO 11796 --- [main] j.LocalContainerEntityManagerFactoryBean : Initialized JPA EntityManagerFactory for persistence unit 'default'
2023-12-17 10:20:33.343  WARN 11796 --- [main] JpaBaseConfiguration$JpaWebConfiguration : spring.jpa.open-in-view is enabled by default. Therefore, database queries may be performed during view rendering. Explicitly configure spring.jpa.open-in-view to disable this warning
2023-12-17 10:20:34.080  INFO 11796 --- [main] o.s.s.web.DefaultSecurityFilterChain     : Will secure any request with [org.springframework.security.web.session.DisableEncodeUrlFilter@380e470a, org.springframework.security.web.context.request.async.WebAsyncManagerIntegrationFilter@17b9c9ff, org.springframework.security.web.context.SecurityContextPersistenceFilter@40e7aea9, org.springframework.security.web.header.HeaderWriterFilter@62eb918, org.springframework.web.filter.CorsFilter@7b45f7ef, org.springframework.security.web.authentication.logout.LogoutFilter@1eb207c3, org.springframework.security.web.authentication.UsernamePasswordAuthenticationFilter@6ad4ef13, org.springframework.security.web.authentication.www.BasicAuthenticationFilter@718e700c, org.springframework.security.web.savedrequest.RequestCacheAwareFilter@46e38c28, org.springframework.security.web.servletapi.SecurityContextHolderAwareRequestFilter@4446a191, org.springframework.security.web.authentication.AnonymousAuthenticationFilter@5da41d02, org.springframework.security.web.session.SessionManagementFilter@37e28b20, org.springframework.security.web.access.ExceptionTranslationFilter@6eff05e7, org.springframework.security.web.access.intercept.FilterSecurityInterceptor@69c335c4]
2023-12-17 10:20:34.351  INFO 11796 --- [main] o.s.b.w.embedded.tomcat.TomcatWebServer  : Tomcat started on port(s): 8080 (http) with context path ''
2023-12-17 10:20:34.531  INFO 11796 --- [main] com.springboot.demo.DemoApplication      : Started DemoApplication in 5.532 seconds (JVM running for 6.708)
2023-12-17 10:21:38.473  INFO 11796 --- [http-nio-8080-exec-2] o.a.c.c.C.[Tomcat].[localhost].[/]       : Initializing Spring DispatcherServlet 'dispatcherServlet'
2023-12-17 10:21:38.474  INFO 11796 --- [http-nio-8080-exec-2] o.s.web.servlet.DispatcherServlet        : Initializing Servlet 'dispatcherServlet'
2023-12-17 10:21:38.482  INFO 11796 --- [http-nio-8080-exec-2] o.s.web.servlet.DispatcherServlet        : Completed initialization in 8 ms
2023-12-17 10:24:20.715  INFO 2884 --- [main] com.springboot.demo.DemoApplication      : Starting DemoApplication using Java 11.0.15 on Ashwin-DESKTOP-89R6KLU with PID 2884 (C:\Ashwin\Professional\Wokspaces\Eclipse-Workspace\All In One\security_with_swagger_2\target\classes started by ashwin in C:\Ashwin\Professional\Wokspaces\Eclipse-Workspace\All In One\security_with_swagger_2)
2023-12-17 10:24:20.723  INFO 2884 --- [main] com.springboot.demo.DemoApplication      : The following 1 profile is active: "dev"
2023-12-17 10:24:21.625  INFO 2884 --- [main] .s.d.r.c.RepositoryConfigurationDelegate : Bootstrapping Spring Data JPA repositories in DEFAULT mode.
2023-12-17 10:24:21.673  INFO 2884 --- [main] .s.d.r.c.RepositoryConfigurationDelegate : Finished Spring Data repository scanning in 39 ms. Found 1 JPA repository interfaces.
2023-12-17 10:24:22.248  INFO 2884 --- [main] o.s.b.w.embedded.tomcat.TomcatWebServer  : Tomcat initialized with port(s): 8080 (http)
2023-12-17 10:24:22.260  INFO 2884 --- [main] o.apache.catalina.core.StandardService   : Starting service [Tomcat]
2023-12-17 10:24:22.261  INFO 2884 --- [main] org.apache.catalina.core.StandardEngine  : Starting Servlet engine: [Apache Tomcat/9.0.83]
2023-12-17 10:24:22.397  INFO 2884 --- [main] o.a.c.c.C.[Tomcat].[localhost].[/]       : Initializing Spring embedded WebApplicationContext
2023-12-17 10:24:22.398  INFO 2884 --- [main] w.s.c.ServletWebServerApplicationContext : Root WebApplicationContext: initialization completed in 1607 ms
2023-12-17 10:24:22.582  INFO 2884 --- [main] o.hibernate.jpa.internal.util.LogHelper  : HHH000204: Processing PersistenceUnitInfo [name: default]
2023-12-17 10:24:22.689  INFO 2884 --- [main] org.hibernate.Version                    : HHH000412: Hibernate ORM core version 5.6.15.Final
2023-12-17 10:24:22.911  INFO 2884 --- [main] o.hibernate.annotations.common.Version   : HCANN000001: Hibernate Commons Annotations {5.1.2.Final}
2023-12-17 10:24:23.019  INFO 2884 --- [main] com.zaxxer.hikari.HikariDataSource       : HikariPool-1 - Starting...
2023-12-17 10:24:23.212  INFO 2884 --- [main] com.zaxxer.hikari.HikariDataSource       : HikariPool-1 - Start completed.
2023-12-17 10:24:23.240  INFO 2884 --- [main] org.hibernate.dialect.Dialect            : HHH000400: Using dialect: org.hibernate.dialect.MySQL57Dialect
2023-12-17 10:24:24.000  INFO 2884 --- [main] o.h.e.t.j.p.i.JtaPlatformInitiator       : HHH000490: Using JtaPlatform implementation: [org.hibernate.engine.transaction.jta.platform.internal.NoJtaPlatform]
2023-12-17 10:24:24.013  INFO 2884 --- [main] j.LocalContainerEntityManagerFactoryBean : Initialized JPA EntityManagerFactory for persistence unit 'default'
2023-12-17 10:24:24.380  WARN 2884 --- [main] JpaBaseConfiguration$JpaWebConfiguration : spring.jpa.open-in-view is enabled by default. Therefore, database queries may be performed during view rendering. Explicitly configure spring.jpa.open-in-view to disable this warning
2023-12-17 10:24:25.040  INFO 2884 --- [main] o.s.s.web.DefaultSecurityFilterChain     : Will secure any request with [org.springframework.security.web.session.DisableEncodeUrlFilter@31dbca5d, org.springframework.security.web.context.request.async.WebAsyncManagerIntegrationFilter@40c92dfa, org.springframework.security.web.context.SecurityContextPersistenceFilter@3c7f8c25, org.springframework.security.web.header.HeaderWriterFilter@31428f76, org.springframework.web.filter.CorsFilter@16b713dd, org.springframework.security.web.authentication.logout.LogoutFilter@4c51fc9a, org.springframework.security.web.authentication.UsernamePasswordAuthenticationFilter@7b45f7ef, org.springframework.security.web.authentication.www.BasicAuthenticationFilter@2cf97875, org.springframework.security.web.savedrequest.RequestCacheAwareFilter@5e405eaf, org.springframework.security.web.servletapi.SecurityContextHolderAwareRequestFilter@1a865ebf, org.springframework.security.web.authentication.AnonymousAuthenticationFilter@379df603, org.springframework.security.web.session.SessionManagementFilter@40e7aea9, org.springframework.security.web.access.ExceptionTranslationFilter@21a462ce, org.springframework.security.web.access.intercept.FilterSecurityInterceptor@32d3b965]
2023-12-17 10:24:25.283  INFO 2884 --- [main] o.s.b.w.embedded.tomcat.TomcatWebServer  : Tomcat started on port(s): 8080 (http) with context path ''
2023-12-17 10:24:25.455  INFO 2884 --- [main] com.springboot.demo.DemoApplication      : Started DemoApplication in 5.211 seconds (JVM running for 6.222)
2023-12-17 10:24:41.507  INFO 2884 --- [http-nio-8080-exec-1] o.a.c.c.C.[Tomcat].[localhost].[/]       : Initializing Spring DispatcherServlet 'dispatcherServlet'
2023-12-17 10:24:41.507  INFO 2884 --- [http-nio-8080-exec-1] o.s.web.servlet.DispatcherServlet        : Initializing Servlet 'dispatcherServlet'
2023-12-17 10:24:41.510  INFO 2884 --- [http-nio-8080-exec-1] o.s.web.servlet.DispatcherServlet        : Completed initialization in 3 ms
2023-12-17 10:26:10.166 DEBUG 2884 --- [http-nio-8080-exec-2] org.hibernate.SQL                        : 
    select
        user0_.id as id1_0_,
        user0_.email_id as email_id2_0_,
        user0_.password as password3_0_,
        user0_.role as role4_0_,
        user0_.user_name as user_nam5_0_ 
    from
        user user0_
2023-12-17 10:45:19.279  INFO 26240 --- [main] com.springboot.demo.DemoApplication      : Starting DemoApplication using Java 11.0.15 on Ashwin-DESKTOP-89R6KLU with PID 26240 (C:\Ashwin\Professional\Wokspaces\Eclipse-Workspace\All In One\security_with_swagger_2\target\classes started by ashwin in C:\Ashwin\Professional\Wokspaces\Eclipse-Workspace\All In One\security_with_swagger_2)
2023-12-17 10:45:19.286  INFO 26240 --- [main] com.springboot.demo.DemoApplication      : The following 1 profile is active: "dev"
2023-12-17 10:45:20.751  INFO 26240 --- [main] .s.d.r.c.RepositoryConfigurationDelegate : Bootstrapping Spring Data JPA repositories in DEFAULT mode.
2023-12-17 10:45:20.827  INFO 26240 --- [main] .s.d.r.c.RepositoryConfigurationDelegate : Finished Spring Data repository scanning in 60 ms. Found 1 JPA repository interfaces.
2023-12-17 10:45:22.053  INFO 26240 --- [main] o.s.b.w.embedded.tomcat.TomcatWebServer  : Tomcat initialized with port(s): 8080 (http)
2023-12-17 10:45:22.073  INFO 26240 --- [main] o.apache.catalina.core.StandardService   : Starting service [Tomcat]
2023-12-17 10:45:22.073  INFO 26240 --- [main] org.apache.catalina.core.StandardEngine  : Starting Servlet engine: [Apache Tomcat/9.0.83]
2023-12-17 10:45:22.345  INFO 26240 --- [main] o.a.c.c.C.[Tomcat].[localhost].[/]       : Initializing Spring embedded WebApplicationContext
2023-12-17 10:45:22.346  INFO 26240 --- [main] w.s.c.ServletWebServerApplicationContext : Root WebApplicationContext: initialization completed in 2984 ms
2023-12-17 10:45:22.825  INFO 26240 --- [main] o.hibernate.jpa.internal.util.LogHelper  : HHH000204: Processing PersistenceUnitInfo [name: default]
2023-12-17 10:45:22.978  INFO 26240 --- [main] org.hibernate.Version                    : HHH000412: Hibernate ORM core version 5.6.15.Final
2023-12-17 10:45:23.397  INFO 26240 --- [main] o.hibernate.annotations.common.Version   : HCANN000001: Hibernate Commons Annotations {5.1.2.Final}
2023-12-17 10:45:23.592  INFO 26240 --- [main] com.zaxxer.hikari.HikariDataSource       : HikariPool-1 - Starting...
2023-12-17 10:45:23.941  INFO 26240 --- [main] com.zaxxer.hikari.HikariDataSource       : HikariPool-1 - Start completed.
2023-12-17 10:45:23.968  INFO 26240 --- [main] org.hibernate.dialect.Dialect            : HHH000400: Using dialect: org.hibernate.dialect.MySQL57Dialect
2023-12-17 10:45:25.110  INFO 26240 --- [main] o.h.e.t.j.p.i.JtaPlatformInitiator       : HHH000490: Using JtaPlatform implementation: [org.hibernate.engine.transaction.jta.platform.internal.NoJtaPlatform]
2023-12-17 10:45:25.128  INFO 26240 --- [main] j.LocalContainerEntityManagerFactoryBean : Initialized JPA EntityManagerFactory for persistence unit 'default'
2023-12-17 10:45:26.127  WARN 26240 --- [main] ConfigServletWebServerApplicationContext : Exception encountered during context initialization - cancelling refresh attempt: org.springframework.beans.factory.UnsatisfiedDependencyException: Error creating bean with name 'homeController' defined in file [C:\Ashwin\Professional\Wokspaces\Eclipse-Workspace\All In One\security_with_swagger_2\target\classes\com\springboot\demo\controller\HomeController.class]: Unsatisfied dependency expressed through constructor parameter 1; nested exception is org.springframework.beans.factory.NoSuchBeanDefinitionException: No qualifying bean of type 'boolean' available: expected at least 1 bean which qualifies as autowire candidate. Dependency annotations: {}
2023-12-17 10:45:26.130  INFO 26240 --- [main] j.LocalContainerEntityManagerFactoryBean : Closing JPA EntityManagerFactory for persistence unit 'default'
2023-12-17 10:45:26.137  INFO 26240 --- [main] com.zaxxer.hikari.HikariDataSource       : HikariPool-1 - Shutdown initiated...
2023-12-17 10:45:26.168  INFO 26240 --- [main] com.zaxxer.hikari.HikariDataSource       : HikariPool-1 - Shutdown completed.
2023-12-17 10:45:26.171  INFO 26240 --- [main] o.apache.catalina.core.StandardService   : Stopping service [Tomcat]
2023-12-17 10:45:26.189  INFO 26240 --- [main] ConditionEvaluationReportLoggingListener : 

Error starting ApplicationContext. To display the conditions report re-run your application with 'debug' enabled.
2023-12-17 10:45:26.261 ERROR 26240 --- [main] o.s.b.d.LoggingFailureAnalysisReporter   : 

***************************
APPLICATION FAILED TO START
***************************

Description:

Parameter 1 of constructor in com.springboot.demo.controller.HomeController required a bean of type 'boolean' that could not be found.


Action:

Consider defining a bean of type 'boolean' in your configuration.

2023-12-17 10:46:03.781  INFO 10672 --- [main] com.springboot.demo.DemoApplication      : Starting DemoApplication using Java 11.0.15 on Ashwin-DESKTOP-89R6KLU with PID 10672 (C:\Ashwin\Professional\Wokspaces\Eclipse-Workspace\All In One\security_with_swagger_2\target\classes started by ashwin in C:\Ashwin\Professional\Wokspaces\Eclipse-Workspace\All In One\security_with_swagger_2)
2023-12-17 10:46:03.789  INFO 10672 --- [main] com.springboot.demo.DemoApplication      : The following 1 profile is active: "dev"
2023-12-17 10:46:05.102  INFO 10672 --- [main] .s.d.r.c.RepositoryConfigurationDelegate : Bootstrapping Spring Data JPA repositories in DEFAULT mode.
2023-12-17 10:46:05.182  INFO 10672 --- [main] .s.d.r.c.RepositoryConfigurationDelegate : Finished Spring Data repository scanning in 67 ms. Found 1 JPA repository interfaces.
2023-12-17 10:46:05.984  INFO 10672 --- [main] o.s.b.w.embedded.tomcat.TomcatWebServer  : Tomcat initialized with port(s): 8080 (http)
2023-12-17 10:46:05.998  INFO 10672 --- [main] o.apache.catalina.core.StandardService   : Starting service [Tomcat]
2023-12-17 10:46:05.999  INFO 10672 --- [main] org.apache.catalina.core.StandardEngine  : Starting Servlet engine: [Apache Tomcat/9.0.83]
2023-12-17 10:46:06.141  INFO 10672 --- [main] o.a.c.c.C.[Tomcat].[localhost].[/]       : Initializing Spring embedded WebApplicationContext
2023-12-17 10:46:06.141  INFO 10672 --- [main] w.s.c.ServletWebServerApplicationContext : Root WebApplicationContext: initialization completed in 2268 ms
2023-12-17 10:46:06.424  INFO 10672 --- [main] o.hibernate.jpa.internal.util.LogHelper  : HHH000204: Processing PersistenceUnitInfo [name: default]
2023-12-17 10:46:06.524  INFO 10672 --- [main] org.hibernate.Version                    : HHH000412: Hibernate ORM core version 5.6.15.Final
2023-12-17 10:46:06.839  INFO 10672 --- [main] o.hibernate.annotations.common.Version   : HCANN000001: Hibernate Commons Annotations {5.1.2.Final}
2023-12-17 10:46:07.062  INFO 10672 --- [main] com.zaxxer.hikari.HikariDataSource       : HikariPool-1 - Starting...
2023-12-17 10:46:07.406  INFO 10672 --- [main] com.zaxxer.hikari.HikariDataSource       : HikariPool-1 - Start completed.
2023-12-17 10:46:07.449  INFO 10672 --- [main] org.hibernate.dialect.Dialect            : HHH000400: Using dialect: org.hibernate.dialect.MySQL57Dialect
2023-12-17 10:46:08.574  INFO 10672 --- [main] o.h.e.t.j.p.i.JtaPlatformInitiator       : HHH000490: Using JtaPlatform implementation: [org.hibernate.engine.transaction.jta.platform.internal.NoJtaPlatform]
2023-12-17 10:46:08.592  INFO 10672 --- [main] j.LocalContainerEntityManagerFactoryBean : Initialized JPA EntityManagerFactory for persistence unit 'default'
2023-12-17 10:46:09.281  WARN 10672 --- [main] ConfigServletWebServerApplicationContext : Exception encountered during context initialization - cancelling refresh attempt: org.springframework.beans.factory.UnsatisfiedDependencyException: Error creating bean with name 'homeController' defined in file [C:\Ashwin\Professional\Wokspaces\Eclipse-Workspace\All In One\security_with_swagger_2\target\classes\com\springboot\demo\controller\HomeController.class]: Unsatisfied dependency expressed through constructor parameter 1; nested exception is org.springframework.beans.factory.NoSuchBeanDefinitionException: No qualifying bean of type 'java.lang.Boolean' available: expected at least 1 bean which qualifies as autowire candidate. Dependency annotations: {}
2023-12-17 10:46:09.281  INFO 10672 --- [main] j.LocalContainerEntityManagerFactoryBean : Closing JPA EntityManagerFactory for persistence unit 'default'
2023-12-17 10:46:09.286  INFO 10672 --- [main] com.zaxxer.hikari.HikariDataSource       : HikariPool-1 - Shutdown initiated...
2023-12-17 10:46:09.311  INFO 10672 --- [main] com.zaxxer.hikari.HikariDataSource       : HikariPool-1 - Shutdown completed.
2023-12-17 10:46:09.314  INFO 10672 --- [main] o.apache.catalina.core.StandardService   : Stopping service [Tomcat]
2023-12-17 10:46:09.334  INFO 10672 --- [main] ConditionEvaluationReportLoggingListener : 

Error starting ApplicationContext. To display the conditions report re-run your application with 'debug' enabled.
2023-12-17 10:46:09.377 ERROR 10672 --- [main] o.s.b.d.LoggingFailureAnalysisReporter   : 

***************************
APPLICATION FAILED TO START
***************************

Description:

Parameter 1 of constructor in com.springboot.demo.controller.HomeController required a bean of type 'java.lang.Boolean' that could not be found.


Action:

Consider defining a bean of type 'java.lang.Boolean' in your configuration.

2023-12-17 10:47:54.565  INFO 13656 --- [main] com.springboot.demo.DemoApplication      : Starting DemoApplication using Java 11.0.15 on Ashwin-DESKTOP-89R6KLU with PID 13656 (C:\Ashwin\Professional\Wokspaces\Eclipse-Workspace\All In One\security_with_swagger_2\target\classes started by ashwin in C:\Ashwin\Professional\Wokspaces\Eclipse-Workspace\All In One\security_with_swagger_2)
2023-12-17 10:47:54.570  INFO 13656 --- [main] com.springboot.demo.DemoApplication      : The following 1 profile is active: "dev"
2023-12-17 10:47:55.413  INFO 13656 --- [main] .s.d.r.c.RepositoryConfigurationDelegate : Bootstrapping Spring Data JPA repositories in DEFAULT mode.
2023-12-17 10:47:55.463  INFO 13656 --- [main] .s.d.r.c.RepositoryConfigurationDelegate : Finished Spring Data repository scanning in 40 ms. Found 1 JPA repository interfaces.
2023-12-17 10:47:56.028  INFO 13656 --- [main] o.s.b.w.embedded.tomcat.TomcatWebServer  : Tomcat initialized with port(s): 8080 (http)
2023-12-17 10:47:56.041  INFO 13656 --- [main] o.apache.catalina.core.StandardService   : Starting service [Tomcat]
2023-12-17 10:47:56.041  INFO 13656 --- [main] org.apache.catalina.core.StandardEngine  : Starting Servlet engine: [Apache Tomcat/9.0.83]
2023-12-17 10:47:56.185  INFO 13656 --- [main] o.a.c.c.C.[Tomcat].[localhost].[/]       : Initializing Spring embedded WebApplicationContext
2023-12-17 10:47:56.186  INFO 13656 --- [main] w.s.c.ServletWebServerApplicationContext : Root WebApplicationContext: initialization completed in 1565 ms
2023-12-17 10:47:56.399  INFO 13656 --- [main] o.hibernate.jpa.internal.util.LogHelper  : HHH000204: Processing PersistenceUnitInfo [name: default]
2023-12-17 10:47:56.491  INFO 13656 --- [main] org.hibernate.Version                    : HHH000412: Hibernate ORM core version 5.6.15.Final
2023-12-17 10:47:56.702  INFO 13656 --- [main] o.hibernate.annotations.common.Version   : HCANN000001: Hibernate Commons Annotations {5.1.2.Final}
2023-12-17 10:47:56.818  INFO 13656 --- [main] com.zaxxer.hikari.HikariDataSource       : HikariPool-1 - Starting...
2023-12-17 10:47:57.012  INFO 13656 --- [main] com.zaxxer.hikari.HikariDataSource       : HikariPool-1 - Start completed.
2023-12-17 10:47:57.034  INFO 13656 --- [main] org.hibernate.dialect.Dialect            : HHH000400: Using dialect: org.hibernate.dialect.MySQL57Dialect
2023-12-17 10:47:57.702  INFO 13656 --- [main] o.h.e.t.j.p.i.JtaPlatformInitiator       : HHH000490: Using JtaPlatform implementation: [org.hibernate.engine.transaction.jta.platform.internal.NoJtaPlatform]
2023-12-17 10:47:57.712  INFO 13656 --- [main] j.LocalContainerEntityManagerFactoryBean : Initialized JPA EntityManagerFactory for persistence unit 'default'
2023-12-17 10:47:58.085  WARN 13656 --- [main] JpaBaseConfiguration$JpaWebConfiguration : spring.jpa.open-in-view is enabled by default. Therefore, database queries may be performed during view rendering. Explicitly configure spring.jpa.open-in-view to disable this warning
2023-12-17 10:47:58.850  INFO 13656 --- [main] o.s.s.web.DefaultSecurityFilterChain     : Will secure any request with [org.springframework.security.web.session.DisableEncodeUrlFilter@6f53f5a4, org.springframework.security.web.context.request.async.WebAsyncManagerIntegrationFilter@21ebf9be, org.springframework.security.web.context.SecurityContextPersistenceFilter@28705150, org.springframework.security.web.header.HeaderWriterFilter@1eb207c3, org.springframework.web.filter.CorsFilter@7d50b4c4, org.springframework.security.web.authentication.logout.LogoutFilter@73db1a6, org.springframework.security.web.authentication.UsernamePasswordAuthenticationFilter@798753cc, org.springframework.security.web.authentication.www.BasicAuthenticationFilter@3b1a3125, org.springframework.security.web.savedrequest.RequestCacheAwareFilter@28b286c0, org.springframework.security.web.servletapi.SecurityContextHolderAwareRequestFilter@2e7563f6, org.springframework.security.web.authentication.AnonymousAuthenticationFilter@7860a014, org.springframework.security.web.session.SessionManagementFilter@6b8a9e1, org.springframework.security.web.access.ExceptionTranslationFilter@85fd4b, org.springframework.security.web.access.intercept.FilterSecurityInterceptor@33de9d85]
2023-12-17 10:47:59.210  INFO 13656 --- [main] o.s.b.w.embedded.tomcat.TomcatWebServer  : Tomcat started on port(s): 8080 (http) with context path ''
2023-12-17 10:47:59.399  INFO 13656 --- [main] com.springboot.demo.DemoApplication      : Started DemoApplication in 5.293 seconds (JVM running for 6.373)
2023-12-17 10:48:09.940  INFO 13656 --- [http-nio-8080-exec-2] o.a.c.c.C.[Tomcat].[localhost].[/]       : Initializing Spring DispatcherServlet 'dispatcherServlet'
2023-12-17 10:48:09.941  INFO 13656 --- [http-nio-8080-exec-2] o.s.web.servlet.DispatcherServlet        : Initializing Servlet 'dispatcherServlet'
2023-12-17 10:48:09.944  INFO 13656 --- [http-nio-8080-exec-2] o.s.web.servlet.DispatcherServlet        : Completed initialization in 3 ms
2023-12-17 10:55:23.213  INFO 24408 --- [main] com.springboot.demo.DemoApplication      : Starting DemoApplication using Java 11.0.15 on Ashwin-DESKTOP-89R6KLU with PID 24408 (C:\Ashwin\Professional\Wokspaces\Eclipse-Workspace\All In One\security_with_swagger_2\target\classes started by ashwin in C:\Ashwin\Professional\Wokspaces\Eclipse-Workspace\All In One\security_with_swagger_2)
2023-12-17 10:55:23.226  INFO 24408 --- [main] com.springboot.demo.DemoApplication      : The following 1 profile is active: "dev"
2023-12-17 10:55:24.598  INFO 24408 --- [main] .s.d.r.c.RepositoryConfigurationDelegate : Bootstrapping Spring Data JPA repositories in DEFAULT mode.
2023-12-17 10:55:24.678  INFO 24408 --- [main] .s.d.r.c.RepositoryConfigurationDelegate : Finished Spring Data repository scanning in 66 ms. Found 1 JPA repository interfaces.
2023-12-17 10:55:25.343  INFO 24408 --- [main] o.s.b.w.embedded.tomcat.TomcatWebServer  : Tomcat initialized with port(s): 8080 (http)
2023-12-17 10:55:25.352  INFO 24408 --- [main] o.apache.catalina.core.StandardService   : Starting service [Tomcat]
2023-12-17 10:55:25.352  INFO 24408 --- [main] org.apache.catalina.core.StandardEngine  : Starting Servlet engine: [Apache Tomcat/9.0.83]
2023-12-17 10:55:25.477  INFO 24408 --- [main] o.a.c.c.C.[Tomcat].[localhost].[/]       : Initializing Spring embedded WebApplicationContext
2023-12-17 10:55:25.477  INFO 24408 --- [main] w.s.c.ServletWebServerApplicationContext : Root WebApplicationContext: initialization completed in 2150 ms
2023-12-17 10:55:25.673  INFO 24408 --- [main] o.hibernate.jpa.internal.util.LogHelper  : HHH000204: Processing PersistenceUnitInfo [name: default]
2023-12-17 10:55:25.743  INFO 24408 --- [main] org.hibernate.Version                    : HHH000412: Hibernate ORM core version 5.6.15.Final
2023-12-17 10:55:25.904  INFO 24408 --- [main] o.hibernate.annotations.common.Version   : HCANN000001: Hibernate Commons Annotations {5.1.2.Final}
2023-12-17 10:55:26.011  INFO 24408 --- [main] com.zaxxer.hikari.HikariDataSource       : HikariPool-1 - Starting...
2023-12-17 10:55:26.211  INFO 24408 --- [main] com.zaxxer.hikari.HikariDataSource       : HikariPool-1 - Start completed.
2023-12-17 10:55:26.237  INFO 24408 --- [main] org.hibernate.dialect.Dialect            : HHH000400: Using dialect: org.hibernate.dialect.MySQL57Dialect
2023-12-17 10:55:26.908  INFO 24408 --- [main] o.h.e.t.j.p.i.JtaPlatformInitiator       : HHH000490: Using JtaPlatform implementation: [org.hibernate.engine.transaction.jta.platform.internal.NoJtaPlatform]
2023-12-17 10:55:26.921  INFO 24408 --- [main] j.LocalContainerEntityManagerFactoryBean : Initialized JPA EntityManagerFactory for persistence unit 'default'
2023-12-17 10:55:27.314  WARN 24408 --- [main] JpaBaseConfiguration$JpaWebConfiguration : spring.jpa.open-in-view is enabled by default. Therefore, database queries may be performed during view rendering. Explicitly configure spring.jpa.open-in-view to disable this warning
2023-12-17 10:55:28.171  INFO 24408 --- [main] o.s.s.web.DefaultSecurityFilterChain     : Will secure any request with [org.springframework.security.web.session.DisableEncodeUrlFilter@1c0a4f87, org.springframework.security.web.context.request.async.WebAsyncManagerIntegrationFilter@5f5076f9, org.springframework.security.web.context.SecurityContextPersistenceFilter@6b8a9e1, org.springframework.security.web.header.HeaderWriterFilter@1104cf3a, org.springframework.web.filter.CorsFilter@19439ec4, org.springframework.security.web.authentication.logout.LogoutFilter@33b4c775, org.springframework.security.web.authentication.UsernamePasswordAuthenticationFilter@24455d50, org.springframework.security.web.authentication.www.BasicAuthenticationFilter@6fb2b972, org.springframework.security.web.savedrequest.RequestCacheAwareFilter@425376cc, org.springframework.security.web.servletapi.SecurityContextHolderAwareRequestFilter@5b5e45bc, org.springframework.security.web.authentication.AnonymousAuthenticationFilter@6f53f5a4, org.springframework.security.web.session.SessionManagementFilter@6715a6da, org.springframework.security.web.access.ExceptionTranslationFilter@51d6c42d, org.springframework.security.web.access.intercept.FilterSecurityInterceptor@1e205025]
2023-12-17 10:55:28.401  INFO 24408 --- [main] o.s.b.w.embedded.tomcat.TomcatWebServer  : Tomcat started on port(s): 8080 (http) with context path ''
2023-12-17 10:55:28.578  INFO 24408 --- [main] com.springboot.demo.DemoApplication      : Started DemoApplication in 5.876 seconds (JVM running for 6.933)
2023-12-17 10:56:23.290  INFO 24408 --- [http-nio-8080-exec-1] o.a.c.c.C.[Tomcat].[localhost].[/]       : Initializing Spring DispatcherServlet 'dispatcherServlet'
2023-12-17 10:56:23.292  INFO 24408 --- [http-nio-8080-exec-1] o.s.web.servlet.DispatcherServlet        : Initializing Servlet 'dispatcherServlet'
2023-12-17 10:56:23.293  INFO 24408 --- [http-nio-8080-exec-1] o.s.web.servlet.DispatcherServlet        : Completed initialization in 1 ms
2023-12-17 10:58:46.511  INFO 20972 --- [main] com.springboot.demo.DemoApplication      : Starting DemoApplication using Java 11.0.15 on Ashwin-DESKTOP-89R6KLU with PID 20972 (C:\Ashwin\Professional\Wokspaces\Eclipse-Workspace\All In One\security_with_swagger_2\target\classes started by ashwin in C:\Ashwin\Professional\Wokspaces\Eclipse-Workspace\All In One\security_with_swagger_2)
2023-12-17 10:58:46.516  INFO 20972 --- [main] com.springboot.demo.DemoApplication      : The following 1 profile is active: "dev"
2023-12-17 10:58:47.464  INFO 20972 --- [main] .s.d.r.c.RepositoryConfigurationDelegate : Bootstrapping Spring Data JPA repositories in DEFAULT mode.
2023-12-17 10:58:47.536  INFO 20972 --- [main] .s.d.r.c.RepositoryConfigurationDelegate : Finished Spring Data repository scanning in 63 ms. Found 1 JPA repository interfaces.
2023-12-17 10:58:48.168  INFO 20972 --- [main] o.s.b.w.embedded.tomcat.TomcatWebServer  : Tomcat initialized with port(s): 8080 (http)
2023-12-17 10:58:48.182  INFO 20972 --- [main] o.apache.catalina.core.StandardService   : Starting service [Tomcat]
2023-12-17 10:58:48.182  INFO 20972 --- [main] org.apache.catalina.core.StandardEngine  : Starting Servlet engine: [Apache Tomcat/9.0.83]
2023-12-17 10:58:48.313  INFO 20972 --- [main] o.a.c.c.C.[Tomcat].[localhost].[/]       : Initializing Spring embedded WebApplicationContext
2023-12-17 10:58:48.314  INFO 20972 --- [main] w.s.c.ServletWebServerApplicationContext : Root WebApplicationContext: initialization completed in 1733 ms
2023-12-17 10:58:48.586  INFO 20972 --- [main] o.hibernate.jpa.internal.util.LogHelper  : HHH000204: Processing PersistenceUnitInfo [name: default]
2023-12-17 10:58:48.664  INFO 20972 --- [main] org.hibernate.Version                    : HHH000412: Hibernate ORM core version 5.6.15.Final
2023-12-17 10:58:48.863  INFO 20972 --- [main] o.hibernate.annotations.common.Version   : HCANN000001: Hibernate Commons Annotations {5.1.2.Final}
2023-12-17 10:58:48.980  INFO 20972 --- [main] com.zaxxer.hikari.HikariDataSource       : HikariPool-1 - Starting...
2023-12-17 10:58:49.160  INFO 20972 --- [main] com.zaxxer.hikari.HikariDataSource       : HikariPool-1 - Start completed.
2023-12-17 10:58:49.178  INFO 20972 --- [main] org.hibernate.dialect.Dialect            : HHH000400: Using dialect: org.hibernate.dialect.MySQL57Dialect
2023-12-17 10:58:49.806  INFO 20972 --- [main] o.h.e.t.j.p.i.JtaPlatformInitiator       : HHH000490: Using JtaPlatform implementation: [org.hibernate.engine.transaction.jta.platform.internal.NoJtaPlatform]
2023-12-17 10:58:49.817  INFO 20972 --- [main] j.LocalContainerEntityManagerFactoryBean : Initialized JPA EntityManagerFactory for persistence unit 'default'
2023-12-17 10:58:50.284  WARN 20972 --- [main] JpaBaseConfiguration$JpaWebConfiguration : spring.jpa.open-in-view is enabled by default. Therefore, database queries may be performed during view rendering. Explicitly configure spring.jpa.open-in-view to disable this warning
2023-12-17 10:58:50.999  INFO 20972 --- [main] o.s.s.web.DefaultSecurityFilterChain     : Will secure any request with [org.springframework.security.web.session.DisableEncodeUrlFilter@19439ec4, org.springframework.security.web.context.request.async.WebAsyncManagerIntegrationFilter@6f53f5a4, org.springframework.security.web.context.SecurityContextPersistenceFilter@425376cc, org.springframework.security.web.header.HeaderWriterFilter@6715a6da, org.springframework.web.filter.CorsFilter@21ebf9be, org.springframework.security.web.authentication.logout.LogoutFilter@45689582, org.springframework.security.web.authentication.UsernamePasswordAuthenticationFilter@4cc4f6bd, org.springframework.security.web.authentication.www.BasicAuthenticationFilter@44f88149, org.springframework.security.web.savedrequest.RequestCacheAwareFilter@6b44121e, org.springframework.security.web.servletapi.SecurityContextHolderAwareRequestFilter@2cf97875, org.springframework.security.web.authentication.AnonymousAuthenticationFilter@7d50b4c4, org.springframework.security.web.session.SessionManagementFilter@29f86630, org.springframework.security.web.access.ExceptionTranslationFilter@1104cf3a, org.springframework.security.web.access.intercept.FilterSecurityInterceptor@64096a41]
2023-12-17 10:58:51.253  INFO 20972 --- [main] o.s.b.w.embedded.tomcat.TomcatWebServer  : Tomcat started on port(s): 8080 (http) with context path ''
2023-12-17 10:58:51.477  INFO 20972 --- [main] com.springboot.demo.DemoApplication      : Started DemoApplication in 5.498 seconds (JVM running for 6.526)
2023-12-17 10:59:03.473  INFO 20972 --- [http-nio-8080-exec-3] o.a.c.c.C.[Tomcat].[localhost].[/]       : Initializing Spring DispatcherServlet 'dispatcherServlet'
2023-12-17 10:59:03.474  INFO 20972 --- [http-nio-8080-exec-3] o.s.web.servlet.DispatcherServlet        : Initializing Servlet 'dispatcherServlet'
2023-12-17 10:59:03.476  INFO 20972 --- [http-nio-8080-exec-3] o.s.web.servlet.DispatcherServlet        : Completed initialization in 2 ms
2023-12-17 11:03:21.892  INFO 23852 --- [main] com.springboot.demo.DemoApplication      : Starting DemoApplication using Java 11.0.15 on Ashwin-DESKTOP-89R6KLU with PID 23852 (C:\Ashwin\Professional\Wokspaces\Eclipse-Workspace\All In One\security_with_swagger_2\target\classes started by ashwin in C:\Ashwin\Professional\Wokspaces\Eclipse-Workspace\All In One\security_with_swagger_2)
2023-12-17 11:03:21.898  INFO 23852 --- [main] com.springboot.demo.DemoApplication      : The following 1 profile is active: "dev"
2023-12-17 11:03:22.724  INFO 23852 --- [main] .s.d.r.c.RepositoryConfigurationDelegate : Bootstrapping Spring Data JPA repositories in DEFAULT mode.
2023-12-17 11:03:22.783  INFO 23852 --- [main] .s.d.r.c.RepositoryConfigurationDelegate : Finished Spring Data repository scanning in 49 ms. Found 1 JPA repository interfaces.
2023-12-17 11:03:23.310  INFO 23852 --- [main] o.s.b.w.embedded.tomcat.TomcatWebServer  : Tomcat initialized with port(s): 8080 (http)
2023-12-17 11:03:23.318  INFO 23852 --- [main] o.apache.catalina.core.StandardService   : Starting service [Tomcat]
2023-12-17 11:03:23.318  INFO 23852 --- [main] org.apache.catalina.core.StandardEngine  : Starting Servlet engine: [Apache Tomcat/9.0.83]
2023-12-17 11:03:23.431  INFO 23852 --- [main] o.a.c.c.C.[Tomcat].[localhost].[/]       : Initializing Spring embedded WebApplicationContext
2023-12-17 11:03:23.432  INFO 23852 --- [main] w.s.c.ServletWebServerApplicationContext : Root WebApplicationContext: initialization completed in 1469 ms
2023-12-17 11:03:23.602  INFO 23852 --- [main] o.hibernate.jpa.internal.util.LogHelper  : HHH000204: Processing PersistenceUnitInfo [name: default]
2023-12-17 11:03:23.667  INFO 23852 --- [main] org.hibernate.Version                    : HHH000412: Hibernate ORM core version 5.6.15.Final
2023-12-17 11:03:23.842  INFO 23852 --- [main] o.hibernate.annotations.common.Version   : HCANN000001: Hibernate Commons Annotations {5.1.2.Final}
2023-12-17 11:03:23.949  INFO 23852 --- [main] com.zaxxer.hikari.HikariDataSource       : HikariPool-1 - Starting...
2023-12-17 11:03:24.156  INFO 23852 --- [main] com.zaxxer.hikari.HikariDataSource       : HikariPool-1 - Start completed.
2023-12-17 11:03:24.173  INFO 23852 --- [main] org.hibernate.dialect.Dialect            : HHH000400: Using dialect: org.hibernate.dialect.MySQL57Dialect
2023-12-17 11:03:24.997  INFO 23852 --- [main] o.h.e.t.j.p.i.JtaPlatformInitiator       : HHH000490: Using JtaPlatform implementation: [org.hibernate.engine.transaction.jta.platform.internal.NoJtaPlatform]
2023-12-17 11:03:25.011  INFO 23852 --- [main] j.LocalContainerEntityManagerFactoryBean : Initialized JPA EntityManagerFactory for persistence unit 'default'
2023-12-17 11:03:25.502  WARN 23852 --- [main] JpaBaseConfiguration$JpaWebConfiguration : spring.jpa.open-in-view is enabled by default. Therefore, database queries may be performed during view rendering. Explicitly configure spring.jpa.open-in-view to disable this warning
2023-12-17 11:03:26.199  INFO 23852 --- [main] o.s.s.web.DefaultSecurityFilterChain     : Will secure any request with [org.springframework.security.web.session.DisableEncodeUrlFilter@4e77f29e, org.springframework.security.web.context.request.async.WebAsyncManagerIntegrationFilter@1a598e30, org.springframework.security.web.context.SecurityContextPersistenceFilter@40e7aea9, org.springframework.security.web.header.HeaderWriterFilter@62eb918, org.springframework.web.filter.CorsFilter@6768dc74, org.springframework.security.web.authentication.logout.LogoutFilter@1eb207c3, org.springframework.security.web.authentication.UsernamePasswordAuthenticationFilter@16160a37, org.springframework.security.web.authentication.www.BasicAuthenticationFilter@718e700c, org.springframework.security.web.savedrequest.RequestCacheAwareFilter@46e38c28, org.springframework.security.web.servletapi.SecurityContextHolderAwareRequestFilter@4446a191, org.springframework.security.web.authentication.AnonymousAuthenticationFilter@31dbca5d, org.springframework.security.web.session.SessionManagementFilter@37e28b20, org.springframework.security.web.access.ExceptionTranslationFilter@6eff05e7, org.springframework.security.web.access.intercept.FilterSecurityInterceptor@6ad4ef13]
2023-12-17 11:03:26.487  INFO 23852 --- [main] o.s.b.w.embedded.tomcat.TomcatWebServer  : Tomcat started on port(s): 8080 (http) with context path ''
2023-12-17 11:03:26.715  INFO 23852 --- [main] com.springboot.demo.DemoApplication      : Started DemoApplication in 5.328 seconds (JVM running for 6.306)
2023-12-17 11:03:29.022  INFO 23852 --- [http-nio-8080-exec-1] o.a.c.c.C.[Tomcat].[localhost].[/]       : Initializing Spring DispatcherServlet 'dispatcherServlet'
2023-12-17 11:03:29.024  INFO 23852 --- [http-nio-8080-exec-1] o.s.web.servlet.DispatcherServlet        : Initializing Servlet 'dispatcherServlet'
2023-12-17 11:03:29.027  INFO 23852 --- [http-nio-8080-exec-1] o.s.web.servlet.DispatcherServlet        : Completed initialization in 3 ms
