2023-12-16 19:15:44.417  INFO 23748 --- [main] com.springboot.demo.DemoApplication      : Starting DemoApplication using Java 11.0.15 on Ashwin-DESKTOP-89R6KLU with PID 23748 (C:\Ashwin\Professional\Wokspaces\Eclipse-Workspace\All In One\security_with_inmemory_auth_and_swagger_2\target\classes started by ashwin in C:\Ashwin\Professional\Wokspaces\Eclipse-Workspace\All In One\security_with_inmemory_auth_and_swagger_2)
2023-12-16 19:15:44.422  INFO 23748 --- [main] com.springboot.demo.DemoApplication      : The following 1 profile is active: "dev"
2023-12-16 19:15:45.351  INFO 23748 --- [main] .s.d.r.c.RepositoryConfigurationDelegate : Bootstrapping Spring Data JPA repositories in DEFAULT mode.
2023-12-16 19:15:45.421  INFO 23748 --- [main] .s.d.r.c.RepositoryConfigurationDelegate : Finished Spring Data repository scanning in 58 ms. Found 1 JPA repository interfaces.
2023-12-16 19:15:46.070  INFO 23748 --- [main] o.s.b.w.embedded.tomcat.TomcatWebServer  : Tomcat initialized with port(s): 8080 (http)
2023-12-16 19:15:46.080  INFO 23748 --- [main] o.apache.catalina.core.StandardService   : Starting service [Tomcat]
2023-12-16 19:15:46.081  INFO 23748 --- [main] org.apache.catalina.core.StandardEngine  : Starting Servlet engine: [Apache Tomcat/9.0.83]
2023-12-16 19:15:46.239  INFO 23748 --- [main] o.a.c.c.C.[Tomcat].[localhost].[/]       : Initializing Spring embedded WebApplicationContext
2023-12-16 19:15:46.239  INFO 23748 --- [main] w.s.c.ServletWebServerApplicationContext : Root WebApplicationContext: initialization completed in 1763 ms
2023-12-16 19:15:46.533  INFO 23748 --- [main] o.hibernate.jpa.internal.util.LogHelper  : HHH000204: Processing PersistenceUnitInfo [name: default]
2023-12-16 19:15:46.694  INFO 23748 --- [main] org.hibernate.Version                    : HHH000412: Hibernate ORM core version 5.6.15.Final
2023-12-16 19:15:46.923  INFO 23748 --- [main] o.hibernate.annotations.common.Version   : HCANN000001: Hibernate Commons Annotations {5.1.2.Final}
2023-12-16 19:15:47.146  INFO 23748 --- [main] com.zaxxer.hikari.HikariDataSource       : HikariPool-1 - Starting...
2023-12-16 19:15:47.430  INFO 23748 --- [main] com.zaxxer.hikari.HikariDataSource       : HikariPool-1 - Start completed.
2023-12-16 19:15:47.460  INFO 23748 --- [main] org.hibernate.dialect.Dialect            : HHH000400: Using dialect: org.hibernate.dialect.MySQL57Dialect
2023-12-16 19:15:48.374  INFO 23748 --- [main] o.h.e.t.j.p.i.JtaPlatformInitiator       : HHH000490: Using JtaPlatform implementation: [org.hibernate.engine.transaction.jta.platform.internal.NoJtaPlatform]
2023-12-16 19:15:48.392  INFO 23748 --- [main] j.LocalContainerEntityManagerFactoryBean : Initialized JPA EntityManagerFactory for persistence unit 'default'
2023-12-16 19:15:48.865  WARN 23748 --- [main] JpaBaseConfiguration$JpaWebConfiguration : spring.jpa.open-in-view is enabled by default. Therefore, database queries may be performed during view rendering. Explicitly configure spring.jpa.open-in-view to disable this warning
2023-12-16 19:15:49.808  INFO 23748 --- [main] o.s.s.web.DefaultSecurityFilterChain     : Will secure any request with [org.springframework.security.web.session.DisableEncodeUrlFilter@7fd7085d, org.springframework.security.web.context.request.async.WebAsyncManagerIntegrationFilter@69cc3370, org.springframework.security.web.context.SecurityContextPersistenceFilter@30f54522, org.springframework.security.web.header.HeaderWriterFilter@2cbae0f1, org.springframework.web.filter.CorsFilter@9120cb5, org.springframework.security.web.authentication.logout.LogoutFilter@12d28106, org.springframework.security.web.authentication.UsernamePasswordAuthenticationFilter@f047670, org.springframework.security.web.authentication.www.BasicAuthenticationFilter@1002c49e, org.springframework.security.web.savedrequest.RequestCacheAwareFilter@43e9a8a2, org.springframework.security.web.servletapi.SecurityContextHolderAwareRequestFilter@5d50e7f6, org.springframework.security.web.authentication.AnonymousAuthenticationFilter@18419ab7, org.springframework.security.web.session.SessionManagementFilter@d8cece4, org.springframework.security.web.access.ExceptionTranslationFilter@27a23d87, org.springframework.security.web.access.intercept.FilterSecurityInterceptor@1a0e5c0c]
2023-12-16 19:15:50.080  INFO 23748 --- [main] o.s.b.w.embedded.tomcat.TomcatWebServer  : Tomcat started on port(s): 8080 (http) with context path ''
2023-12-16 19:15:50.320  INFO 23748 --- [main] com.springboot.demo.DemoApplication      : Started DemoApplication in 6.459 seconds (JVM running for 7.816)
2023-12-16 19:15:56.220  INFO 23748 --- [http-nio-8080-exec-1] o.a.c.c.C.[Tomcat].[localhost].[/]       : Initializing Spring DispatcherServlet 'dispatcherServlet'
2023-12-16 19:15:56.222  INFO 23748 --- [http-nio-8080-exec-1] o.s.web.servlet.DispatcherServlet        : Initializing Servlet 'dispatcherServlet'
2023-12-16 19:15:56.224  INFO 23748 --- [http-nio-8080-exec-1] o.s.web.servlet.DispatcherServlet        : Completed initialization in 2 ms
