2024-01-29 12:53:55.209  INFO 10408 --- [main] com.springboot.demo.DemoApplication      : Starting DemoApplication using Java 11.0.15 on Ashwin-DESKTOP-89R6KLU with PID 10408 (C:\Ashwin\Professional\Wokspaces\Eclipse-Workspace\02)_All_In_One_Projects\all_in_one\target\classes started by ashwin in C:\Ashwin\Professional\Wokspaces\Eclipse-Workspace\02)_All_In_One_Projects\all_in_one)
2024-01-29 12:53:55.222  INFO 10408 --- [main] com.springboot.demo.DemoApplication      : The following 1 profile is active: "dev"
2024-01-29 12:53:56.211  INFO 10408 --- [main] .s.d.r.c.RepositoryConfigurationDelegate : Bootstrapping Spring Data JPA repositories in DEFAULT mode.
2024-01-29 12:53:56.274  INFO 10408 --- [main] .s.d.r.c.RepositoryConfigurationDelegate : Finished Spring Data repository scanning in 55 ms. Found 2 JPA repository interfaces.
2024-01-29 12:53:56.858  INFO 10408 --- [main] o.s.b.w.embedded.tomcat.TomcatWebServer  : Tomcat initialized with port(s): 8080 (http)
2024-01-29 12:53:56.870  INFO 10408 --- [main] o.apache.catalina.core.StandardService   : Starting service [Tomcat]
2024-01-29 12:53:56.870  INFO 10408 --- [main] org.apache.catalina.core.StandardEngine  : Starting Servlet engine: [Apache Tomcat/9.0.83]
2024-01-29 12:53:57.010  INFO 10408 --- [main] o.a.c.c.C.[Tomcat].[localhost].[/]       : Initializing Spring embedded WebApplicationContext
2024-01-29 12:53:57.010  INFO 10408 --- [main] w.s.c.ServletWebServerApplicationContext : Root WebApplicationContext: initialization completed in 1709 ms
2024-01-29 12:53:57.271  INFO 10408 --- [main] o.hibernate.jpa.internal.util.LogHelper  : HHH000204: Processing PersistenceUnitInfo [name: default]
2024-01-29 12:53:57.323  INFO 10408 --- [main] org.hibernate.Version                    : HHH000412: Hibernate ORM core version 5.6.15.Final
2024-01-29 12:53:57.509  INFO 10408 --- [main] o.hibernate.annotations.common.Version   : HCANN000001: Hibernate Commons Annotations {5.1.2.Final}
2024-01-29 12:53:57.638  INFO 10408 --- [main] com.zaxxer.hikari.HikariDataSource       : HikariPool-1 - Starting...
2024-01-29 12:53:58.043  INFO 10408 --- [main] com.zaxxer.hikari.HikariDataSource       : HikariPool-1 - Start completed.
2024-01-29 12:53:58.060  INFO 10408 --- [main] org.hibernate.dialect.Dialect            : HHH000400: Using dialect: org.hibernate.dialect.MySQL57Dialect
2024-01-29 12:53:58.892  INFO 10408 --- [main] o.h.e.t.j.p.i.JtaPlatformInitiator       : HHH000490: Using JtaPlatform implementation: [org.hibernate.engine.transaction.jta.platform.internal.NoJtaPlatform]
2024-01-29 12:53:58.905  INFO 10408 --- [main] j.LocalContainerEntityManagerFactoryBean : Initialized JPA EntityManagerFactory for persistence unit 'default'
2024-01-29 12:53:59.360  WARN 10408 --- [main] ConfigServletWebServerApplicationContext : Exception encountered during context initialization - cancelling refresh attempt: org.springframework.beans.factory.UnsatisfiedDependencyException: Error creating bean with name 'userController' defined in file [C:\Ashwin\Professional\Wokspaces\Eclipse-Workspace\02)_All_In_One_Projects\all_in_one\target\classes\com\springboot\demo\controller\UserController.class]: Unsatisfied dependency expressed through constructor parameter 1; nested exception is org.springframework.beans.factory.NoSuchBeanDefinitionException: No qualifying bean of type 'com.springboot.dependent.service.UserService1' available: expected at least 1 bean which qualifies as autowire candidate. Dependency annotations: {}
2024-01-29 12:53:59.361  INFO 10408 --- [main] j.LocalContainerEntityManagerFactoryBean : Closing JPA EntityManagerFactory for persistence unit 'default'
2024-01-29 12:53:59.363  INFO 10408 --- [main] com.zaxxer.hikari.HikariDataSource       : HikariPool-1 - Shutdown initiated...
2024-01-29 12:53:59.378  INFO 10408 --- [main] com.zaxxer.hikari.HikariDataSource       : HikariPool-1 - Shutdown completed.
2024-01-29 12:53:59.381  INFO 10408 --- [main] o.apache.catalina.core.StandardService   : Stopping service [Tomcat]
2024-01-29 12:53:59.391  INFO 10408 --- [main] ConditionEvaluationReportLoggingListener : 

Error starting ApplicationContext. To display the conditions report re-run your application with 'debug' enabled.
2024-01-29 12:53:59.410 ERROR 10408 --- [main] o.s.b.d.LoggingFailureAnalysisReporter   : 

***************************
APPLICATION FAILED TO START
***************************

Description:

Parameter 1 of constructor in com.springboot.demo.controller.UserController required a bean of type 'com.springboot.dependent.service.UserService1' that could not be found.


Action:

Consider defining a bean of type 'com.springboot.dependent.service.UserService1' in your configuration.

2024-01-29 12:56:00.975  INFO 18524 --- [main] com.springboot.demo.DemoApplication      : Starting DemoApplication using Java 11.0.15 on Ashwin-DESKTOP-89R6KLU with PID 18524 (C:\Ashwin\Professional\Wokspaces\Eclipse-Workspace\02)_All_In_One_Projects\all_in_one\target\classes started by ashwin in C:\Ashwin\Professional\Wokspaces\Eclipse-Workspace\02)_All_In_One_Projects\all_in_one)
2024-01-29 12:56:00.980  INFO 18524 --- [main] com.springboot.demo.DemoApplication      : The following 1 profile is active: "dev"
2024-01-29 12:56:01.872  INFO 18524 --- [main] .s.d.r.c.RepositoryConfigurationDelegate : Bootstrapping Spring Data JPA repositories in DEFAULT mode.
2024-01-29 12:56:02.035  INFO 18524 --- [main] .s.d.r.c.RepositoryConfigurationDelegate : Finished Spring Data repository scanning in 151 ms. Found 2 JPA repository interfaces.
2024-01-29 12:56:02.920  INFO 18524 --- [main] o.s.b.w.embedded.tomcat.TomcatWebServer  : Tomcat initialized with port(s): 8080 (http)
2024-01-29 12:56:02.932  INFO 18524 --- [main] o.apache.catalina.core.StandardService   : Starting service [Tomcat]
2024-01-29 12:56:02.932  INFO 18524 --- [main] org.apache.catalina.core.StandardEngine  : Starting Servlet engine: [Apache Tomcat/9.0.83]
2024-01-29 12:56:03.081  INFO 18524 --- [main] o.a.c.c.C.[Tomcat].[localhost].[/]       : Initializing Spring embedded WebApplicationContext
2024-01-29 12:56:03.082  INFO 18524 --- [main] w.s.c.ServletWebServerApplicationContext : Root WebApplicationContext: initialization completed in 2030 ms
2024-01-29 12:56:03.399  INFO 18524 --- [main] o.hibernate.jpa.internal.util.LogHelper  : HHH000204: Processing PersistenceUnitInfo [name: default]
2024-01-29 12:56:03.467  INFO 18524 --- [main] org.hibernate.Version                    : HHH000412: Hibernate ORM core version 5.6.15.Final
2024-01-29 12:56:03.667  INFO 18524 --- [main] o.hibernate.annotations.common.Version   : HCANN000001: Hibernate Commons Annotations {5.1.2.Final}
2024-01-29 12:56:03.796  INFO 18524 --- [main] com.zaxxer.hikari.HikariDataSource       : HikariPool-1 - Starting...
2024-01-29 12:56:04.006  INFO 18524 --- [main] com.zaxxer.hikari.HikariDataSource       : HikariPool-1 - Start completed.
2024-01-29 12:56:04.031  INFO 18524 --- [main] org.hibernate.dialect.Dialect            : HHH000400: Using dialect: org.hibernate.dialect.MySQL57Dialect
2024-01-29 12:56:05.759  INFO 18524 --- [main] o.h.e.t.j.p.i.JtaPlatformInitiator       : HHH000490: Using JtaPlatform implementation: [org.hibernate.engine.transaction.jta.platform.internal.NoJtaPlatform]
2024-01-29 12:56:05.779  INFO 18524 --- [main] j.LocalContainerEntityManagerFactoryBean : Initialized JPA EntityManagerFactory for persistence unit 'default'
2024-01-29 12:56:07.023  INFO 18524 --- [main] o.s.s.web.DefaultSecurityFilterChain     : Will secure any request with [org.springframework.security.web.session.DisableEncodeUrlFilter@229fe7ab, org.springframework.security.web.context.request.async.WebAsyncManagerIntegrationFilter@64f2b1b4, org.springframework.security.web.context.SecurityContextPersistenceFilter@693ed09d, org.springframework.security.web.header.HeaderWriterFilter@6dbdbb69, org.springframework.web.filter.CorsFilter@a72925, org.springframework.security.web.authentication.logout.LogoutFilter@612531a3, com.springboot.demo.security.config.JwtAuthenticationFilter@72406594, org.springframework.security.web.authentication.www.BasicAuthenticationFilter@75559cd9, org.springframework.security.web.savedrequest.RequestCacheAwareFilter@6c26e588, org.springframework.security.web.servletapi.SecurityContextHolderAwareRequestFilter@7dd2a5f7, org.springframework.security.web.authentication.AnonymousAuthenticationFilter@11ad327f, org.springframework.security.web.session.SessionManagementFilter@7c3223aa, org.springframework.security.web.access.ExceptionTranslationFilter@7ba623d1, org.springframework.security.web.access.intercept.AuthorizationFilter@3a225534]
2024-01-29 12:56:07.274  WARN 18524 --- [main] JpaBaseConfiguration$JpaWebConfiguration : spring.jpa.open-in-view is enabled by default. Therefore, database queries may be performed during view rendering. Explicitly configure spring.jpa.open-in-view to disable this warning
2024-01-29 12:56:08.620  INFO 18524 --- [main] o.s.b.w.embedded.tomcat.TomcatWebServer  : Tomcat started on port(s): 8080 (http) with context path ''
2024-01-29 12:56:08.645  INFO 18524 --- [main] com.springboot.demo.DemoApplication      : Started DemoApplication in 8.271 seconds (JVM running for 9.612)
2024-01-29 12:57:40.476  INFO 18524 --- [http-nio-8080-exec-2] o.a.c.c.C.[Tomcat].[localhost].[/]       : Initializing Spring DispatcherServlet 'dispatcherServlet'
2024-01-29 12:57:40.477  INFO 18524 --- [http-nio-8080-exec-2] o.s.web.servlet.DispatcherServlet        : Initializing Servlet 'dispatcherServlet'
2024-01-29 12:57:40.480  INFO 18524 --- [http-nio-8080-exec-2] o.s.web.servlet.DispatcherServlet        : Completed initialization in 3 ms
2024-01-29 12:57:40.528  INFO 18524 --- [http-nio-8080-exec-2] c.s.d.s.config.JwtAuthenticationFilter   : requestHeader[Bearer eyJhbGciOiJIUzUxMiJ9.eyJzdWIiOiJ1QHUuY29tIiwiaWF0IjoxNzA0ODkyOTc0LCJleHAiOjE3MDQ4OTQ3NzR9.dHj7XlHI9L_Sp8W1Qbq3HppCYrV2b3axUXJHhBgiRgFc-ce3NLutmy_6EDdbBhJEU3j_fFZe_BicGln2hbMU-g]
2024-01-29 12:57:40.752  INFO 18524 --- [http-nio-8080-exec-2] c.s.d.s.config.JwtAuthenticationFilter   : Token has expired!
2024-01-29 12:57:43.824  INFO 18524 --- [http-nio-8080-exec-3] c.s.d.s.config.JwtAuthenticationFilter   : requestHeader[null]
2024-01-29 12:57:43.826  INFO 18524 --- [http-nio-8080-exec-3] c.s.d.s.config.JwtAuthenticationFilter   : Invalid Header Value!
2024-01-29 12:57:44.059  INFO 18524 --- [http-nio-8080-exec-3] c.s.d.s.controller.AuthController        : Jwt Token Request[JwtTokenRequest(emailId=a@a.com, password=admin)]
2024-01-29 12:57:44.668 DEBUG 18524 --- [http-nio-8080-exec-3] org.hibernate.SQL                        : 
    select
        user0_.id as id1_1_,
        user0_.email_id as email_id2_1_,
        user0_.password as password3_1_,
        user0_.role as role4_1_,
        user0_.user_name as user_nam5_1_ 
    from
        user user0_ 
    where
        user0_.email_id=?
2024-01-29 12:57:44.678 TRACE 18524 --- [http-nio-8080-exec-3] o.h.type.descriptor.sql.BasicBinder      : binding parameter [1] as [VARCHAR] - [a@a.com]
2024-01-29 12:57:44.743 DEBUG 18524 --- [http-nio-8080-exec-3] org.hibernate.SQL                        : 
    select
        refreshtok0_.id as id1_0_0_,
        refreshtok0_.expiry as expiry2_0_0_,
        refreshtok0_.refresh_token as refresh_3_0_0_,
        refreshtok0_.user_id as user_id4_0_0_ 
    from
        refresh_token refreshtok0_ 
    where
        refreshtok0_.user_id=?
2024-01-29 12:57:44.745 TRACE 18524 --- [http-nio-8080-exec-3] o.h.type.descriptor.sql.BasicBinder      : binding parameter [1] as [INTEGER] - [2]
2024-01-29 12:57:45.032 DEBUG 18524 --- [http-nio-8080-exec-3] org.hibernate.SQL                        : 
    select
        user0_.id as id1_1_,
        user0_.email_id as email_id2_1_,
        user0_.password as password3_1_,
        user0_.role as role4_1_,
        user0_.user_name as user_nam5_1_ 
    from
        user user0_ 
    where
        user0_.email_id=?
2024-01-29 12:57:45.032 TRACE 18524 --- [http-nio-8080-exec-3] o.h.type.descriptor.sql.BasicBinder      : binding parameter [1] as [VARCHAR] - [a@a.com]
2024-01-29 12:57:45.094 DEBUG 18524 --- [http-nio-8080-exec-3] org.hibernate.SQL                        : 
    select
        user0_.id as id1_1_,
        user0_.email_id as email_id2_1_,
        user0_.password as password3_1_,
        user0_.role as role4_1_,
        user0_.user_name as user_nam5_1_ 
    from
        user user0_ 
    where
        user0_.email_id=?
2024-01-29 12:57:45.095 TRACE 18524 --- [http-nio-8080-exec-3] o.h.type.descriptor.sql.BasicBinder      : binding parameter [1] as [VARCHAR] - [a@a.com]
2024-01-29 12:57:45.177 DEBUG 18524 --- [http-nio-8080-exec-3] org.hibernate.SQL                        : 
    update
        refresh_token 
    set
        expiry=?,
        refresh_token=?,
        user_id=? 
    where
        id=?
2024-01-29 12:57:45.181 TRACE 18524 --- [http-nio-8080-exec-3] o.h.type.descriptor.sql.BasicBinder      : binding parameter [1] as [TIMESTAMP] - [2024-01-29T08:27:45.097322400Z]
2024-01-29 12:57:45.190 TRACE 18524 --- [http-nio-8080-exec-3] o.h.type.descriptor.sql.BasicBinder      : binding parameter [2] as [VARCHAR] - [ea6b5046-e7a3-4de2-8e6c-7526838988b7]
2024-01-29 12:57:45.193 TRACE 18524 --- [http-nio-8080-exec-3] o.h.type.descriptor.sql.BasicBinder      : binding parameter [3] as [INTEGER] - [2]
2024-01-29 12:57:45.194 TRACE 18524 --- [http-nio-8080-exec-3] o.h.type.descriptor.sql.BasicBinder      : binding parameter [4] as [INTEGER] - [11]
2024-01-29 12:57:45.228  INFO 18524 --- [http-nio-8080-exec-3] c.s.d.s.controller.AuthController        : Jwt Token Response[JwtTokenResponse(jwtToken=eyJhbGciOiJIUzUxMiJ9.eyJzdWIiOiJhQGEuY29tIiwiaWF0IjoxNzA2NTEzMjY1LCJleHAiOjE3MDY1MTUwNjV9.pdY11nTmCDM49lFb_wV-FbUng4r0dgeWIg1ANsqstmyxAB2CC-GIC6NUpZU7UsUfGmqfbDqbWJ_U3_gbpaOhDQ, refreshToken=ea6b5046-e7a3-4de2-8e6c-7526838988b7, username=a@a.com)]
2024-01-29 12:57:57.775  INFO 18524 --- [http-nio-8080-exec-4] c.s.d.s.config.JwtAuthenticationFilter   : requestHeader[Bearer eyJhbGciOiJIUzUxMiJ9.eyJzdWIiOiJhQGEuY29tIiwiaWF0IjoxNzA2NTEzMjY1LCJleHAiOjE3MDY1MTUwNjV9.pdY11nTmCDM49lFb_wV-FbUng4r0dgeWIg1ANsqstmyxAB2CC-GIC6NUpZU7UsUfGmqfbDqbWJ_U3_gbpaOhDQ]
2024-01-29 12:57:57.827 DEBUG 18524 --- [http-nio-8080-exec-4] org.hibernate.SQL                        : 
    select
        user0_.id as id1_1_,
        user0_.email_id as email_id2_1_,
        user0_.password as password3_1_,
        user0_.role as role4_1_,
        user0_.user_name as user_nam5_1_ 
    from
        user user0_ 
    where
        user0_.email_id=?
2024-01-29 12:57:57.831 TRACE 18524 --- [http-nio-8080-exec-4] o.h.type.descriptor.sql.BasicBinder      : binding parameter [1] as [VARCHAR] - [a@a.com]
2024-01-29 12:57:57.833 DEBUG 18524 --- [http-nio-8080-exec-4] org.hibernate.SQL                        : 
    select
        refreshtok0_.id as id1_0_0_,
        refreshtok0_.expiry as expiry2_0_0_,
        refreshtok0_.refresh_token as refresh_3_0_0_,
        refreshtok0_.user_id as user_id4_0_0_ 
    from
        refresh_token refreshtok0_ 
    where
        refreshtok0_.user_id=?
2024-01-29 12:57:57.834 TRACE 18524 --- [http-nio-8080-exec-4] o.h.type.descriptor.sql.BasicBinder      : binding parameter [1] as [INTEGER] - [2]
2024-01-29 12:58:18.618  INFO 18524 --- [http-nio-8080-exec-5] c.s.d.s.config.JwtAuthenticationFilter   : requestHeader[null]
2024-01-29 12:58:18.619  INFO 18524 --- [http-nio-8080-exec-5] c.s.d.s.config.JwtAuthenticationFilter   : Invalid Header Value!
2024-01-29 12:58:18.621  INFO 18524 --- [http-nio-8080-exec-5] c.s.d.s.controller.AuthController        : Jwt Token Request[JwtTokenRequest(emailId=u@u.com, password=user)]
2024-01-29 12:58:18.622 DEBUG 18524 --- [http-nio-8080-exec-5] org.hibernate.SQL                        : 
    select
        user0_.id as id1_1_,
        user0_.email_id as email_id2_1_,
        user0_.password as password3_1_,
        user0_.role as role4_1_,
        user0_.user_name as user_nam5_1_ 
    from
        user user0_ 
    where
        user0_.email_id=?
2024-01-29 12:58:18.624 TRACE 18524 --- [http-nio-8080-exec-5] o.h.type.descriptor.sql.BasicBinder      : binding parameter [1] as [VARCHAR] - [u@u.com]
2024-01-29 12:58:18.628 DEBUG 18524 --- [http-nio-8080-exec-5] org.hibernate.SQL                        : 
    select
        refreshtok0_.id as id1_0_0_,
        refreshtok0_.expiry as expiry2_0_0_,
        refreshtok0_.refresh_token as refresh_3_0_0_,
        refreshtok0_.user_id as user_id4_0_0_ 
    from
        refresh_token refreshtok0_ 
    where
        refreshtok0_.user_id=?
2024-01-29 12:58:18.629 TRACE 18524 --- [http-nio-8080-exec-5] o.h.type.descriptor.sql.BasicBinder      : binding parameter [1] as [INTEGER] - [3]
2024-01-29 12:58:18.831 DEBUG 18524 --- [http-nio-8080-exec-5] org.hibernate.SQL                        : 
    select
        user0_.id as id1_1_,
        user0_.email_id as email_id2_1_,
        user0_.password as password3_1_,
        user0_.role as role4_1_,
        user0_.user_name as user_nam5_1_ 
    from
        user user0_ 
    where
        user0_.email_id=?
2024-01-29 12:58:18.832 TRACE 18524 --- [http-nio-8080-exec-5] o.h.type.descriptor.sql.BasicBinder      : binding parameter [1] as [VARCHAR] - [u@u.com]
2024-01-29 12:58:18.837 DEBUG 18524 --- [http-nio-8080-exec-5] org.hibernate.SQL                        : 
    select
        user0_.id as id1_1_,
        user0_.email_id as email_id2_1_,
        user0_.password as password3_1_,
        user0_.role as role4_1_,
        user0_.user_name as user_nam5_1_ 
    from
        user user0_ 
    where
        user0_.email_id=?
2024-01-29 12:58:18.838 TRACE 18524 --- [http-nio-8080-exec-5] o.h.type.descriptor.sql.BasicBinder      : binding parameter [1] as [VARCHAR] - [u@u.com]
2024-01-29 12:58:18.845 DEBUG 18524 --- [http-nio-8080-exec-5] org.hibernate.SQL                        : 
    update
        refresh_token 
    set
        expiry=?,
        refresh_token=?,
        user_id=? 
    where
        id=?
2024-01-29 12:58:18.846 TRACE 18524 --- [http-nio-8080-exec-5] o.h.type.descriptor.sql.BasicBinder      : binding parameter [1] as [TIMESTAMP] - [2024-01-29T08:28:18.841482Z]
2024-01-29 12:58:18.846 TRACE 18524 --- [http-nio-8080-exec-5] o.h.type.descriptor.sql.BasicBinder      : binding parameter [2] as [VARCHAR] - [692a65f3-3a30-4343-ae3a-47a2241ec41e]
2024-01-29 12:58:18.847 TRACE 18524 --- [http-nio-8080-exec-5] o.h.type.descriptor.sql.BasicBinder      : binding parameter [3] as [INTEGER] - [3]
2024-01-29 12:58:18.847 TRACE 18524 --- [http-nio-8080-exec-5] o.h.type.descriptor.sql.BasicBinder      : binding parameter [4] as [INTEGER] - [7]
2024-01-29 12:58:18.857  INFO 18524 --- [http-nio-8080-exec-5] c.s.d.s.controller.AuthController        : Jwt Token Response[JwtTokenResponse(jwtToken=eyJhbGciOiJIUzUxMiJ9.eyJzdWIiOiJ1QHUuY29tIiwiaWF0IjoxNzA2NTEzMjk4LCJleHAiOjE3MDY1MTUwOTh9.3pLVqhlSbBZz-nVQ6ZeGTsv2TGg1fY1uaLi3VZbzCcvE9-o5bsjHQKluVsCJX4TOlk_4eCePt3sLYdiT9kg1jA, refreshToken=692a65f3-3a30-4343-ae3a-47a2241ec41e, username=u@u.com)]
2024-01-29 12:58:29.285  INFO 18524 --- [http-nio-8080-exec-6] c.s.d.s.config.JwtAuthenticationFilter   : requestHeader[Bearer eyJhbGciOiJIUzUxMiJ9.eyJzdWIiOiJ1QHUuY29tIiwiaWF0IjoxNzA2NTEzMjk4LCJleHAiOjE3MDY1MTUwOTh9.3pLVqhlSbBZz-nVQ6ZeGTsv2TGg1fY1uaLi3VZbzCcvE9-o5bsjHQKluVsCJX4TOlk_4eCePt3sLYdiT9kg1jA]
2024-01-29 12:58:29.292 DEBUG 18524 --- [http-nio-8080-exec-6] org.hibernate.SQL                        : 
    select
        user0_.id as id1_1_,
        user0_.email_id as email_id2_1_,
        user0_.password as password3_1_,
        user0_.role as role4_1_,
        user0_.user_name as user_nam5_1_ 
    from
        user user0_ 
    where
        user0_.email_id=?
2024-01-29 12:58:29.293 TRACE 18524 --- [http-nio-8080-exec-6] o.h.type.descriptor.sql.BasicBinder      : binding parameter [1] as [VARCHAR] - [u@u.com]
2024-01-29 12:58:29.295 DEBUG 18524 --- [http-nio-8080-exec-6] org.hibernate.SQL                        : 
    select
        refreshtok0_.id as id1_0_0_,
        refreshtok0_.expiry as expiry2_0_0_,
        refreshtok0_.refresh_token as refresh_3_0_0_,
        refreshtok0_.user_id as user_id4_0_0_ 
    from
        refresh_token refreshtok0_ 
    where
        refreshtok0_.user_id=?
2024-01-29 12:58:29.297 TRACE 18524 --- [http-nio-8080-exec-6] o.h.type.descriptor.sql.BasicBinder      : binding parameter [1] as [INTEGER] - [3]
2024-01-29 13:00:32.874  INFO 8472 --- [main] com.springboot.demo.DemoApplication      : Starting DemoApplication using Java 11.0.15 on Ashwin-DESKTOP-89R6KLU with PID 8472 (C:\Ashwin\Professional\Wokspaces\Eclipse-Workspace\02)_All_In_One_Projects\all_in_one\target\classes started by ashwin in C:\Ashwin\Professional\Wokspaces\Eclipse-Workspace\02)_All_In_One_Projects\all_in_one)
2024-01-29 13:00:32.879  INFO 8472 --- [main] com.springboot.demo.DemoApplication      : The following 1 profile is active: "dev"
2024-01-29 13:00:33.706  INFO 8472 --- [main] .s.d.r.c.RepositoryConfigurationDelegate : Bootstrapping Spring Data JPA repositories in DEFAULT mode.
2024-01-29 13:00:33.785  INFO 8472 --- [main] .s.d.r.c.RepositoryConfigurationDelegate : Finished Spring Data repository scanning in 67 ms. Found 2 JPA repository interfaces.
2024-01-29 13:00:34.460  INFO 8472 --- [main] o.s.b.w.embedded.tomcat.TomcatWebServer  : Tomcat initialized with port(s): 8080 (http)
2024-01-29 13:00:34.469  INFO 8472 --- [main] o.apache.catalina.core.StandardService   : Starting service [Tomcat]
2024-01-29 13:00:34.469  INFO 8472 --- [main] org.apache.catalina.core.StandardEngine  : Starting Servlet engine: [Apache Tomcat/9.0.83]
2024-01-29 13:00:34.584  INFO 8472 --- [main] o.a.c.c.C.[Tomcat].[localhost].[/]       : Initializing Spring embedded WebApplicationContext
2024-01-29 13:00:34.585  INFO 8472 --- [main] w.s.c.ServletWebServerApplicationContext : Root WebApplicationContext: initialization completed in 1643 ms
2024-01-29 13:00:34.799  INFO 8472 --- [main] o.hibernate.jpa.internal.util.LogHelper  : HHH000204: Processing PersistenceUnitInfo [name: default]
2024-01-29 13:00:34.882  INFO 8472 --- [main] org.hibernate.Version                    : HHH000412: Hibernate ORM core version 5.6.15.Final
2024-01-29 13:00:35.109  INFO 8472 --- [main] o.hibernate.annotations.common.Version   : HCANN000001: Hibernate Commons Annotations {5.1.2.Final}
2024-01-29 13:00:35.239  INFO 8472 --- [main] com.zaxxer.hikari.HikariDataSource       : HikariPool-1 - Starting...
2024-01-29 13:00:35.463  INFO 8472 --- [main] com.zaxxer.hikari.HikariDataSource       : HikariPool-1 - Start completed.
2024-01-29 13:00:35.491  INFO 8472 --- [main] org.hibernate.dialect.Dialect            : HHH000400: Using dialect: org.hibernate.dialect.MySQL57Dialect
2024-01-29 13:00:36.264  INFO 8472 --- [main] o.h.e.t.j.p.i.JtaPlatformInitiator       : HHH000490: Using JtaPlatform implementation: [org.hibernate.engine.transaction.jta.platform.internal.NoJtaPlatform]
2024-01-29 13:00:36.275  INFO 8472 --- [main] j.LocalContainerEntityManagerFactoryBean : Initialized JPA EntityManagerFactory for persistence unit 'default'
2024-01-29 13:00:36.978  INFO 8472 --- [main] o.s.s.web.DefaultSecurityFilterChain     : Will secure any request with [org.springframework.security.web.session.DisableEncodeUrlFilter@54224125, org.springframework.security.web.context.request.async.WebAsyncManagerIntegrationFilter@7c013560, org.springframework.security.web.context.SecurityContextPersistenceFilter@693ed09d, org.springframework.security.web.header.HeaderWriterFilter@6dbdbb69, org.springframework.web.filter.CorsFilter@49770ef9, org.springframework.security.web.authentication.logout.LogoutFilter@612531a3, com.springboot.demo.security.config.JwtAuthenticationFilter@7ea8224b, org.springframework.security.web.authentication.www.BasicAuthenticationFilter@75559cd9, org.springframework.security.web.savedrequest.RequestCacheAwareFilter@6c26e588, org.springframework.security.web.servletapi.SecurityContextHolderAwareRequestFilter@7dd2a5f7, org.springframework.security.web.authentication.AnonymousAuthenticationFilter@feab3ae, org.springframework.security.web.session.SessionManagementFilter@7c3223aa, org.springframework.security.web.access.ExceptionTranslationFilter@7ba623d1, org.springframework.security.web.access.intercept.AuthorizationFilter@3a225534]
2024-01-29 13:00:37.162  WARN 8472 --- [main] JpaBaseConfiguration$JpaWebConfiguration : spring.jpa.open-in-view is enabled by default. Therefore, database queries may be performed during view rendering. Explicitly configure spring.jpa.open-in-view to disable this warning
2024-01-29 13:00:37.978  INFO 8472 --- [main] o.s.b.w.embedded.tomcat.TomcatWebServer  : Tomcat started on port(s): 8080 (http) with context path ''
2024-01-29 13:00:37.991  INFO 8472 --- [main] com.springboot.demo.DemoApplication      : Started DemoApplication in 5.638 seconds (JVM running for 6.672)
2024-01-29 13:01:48.450  INFO 24532 --- [main] com.springboot.demo.DemoApplication      : Starting DemoApplication using Java 11.0.15 on Ashwin-DESKTOP-89R6KLU with PID 24532 (C:\Ashwin\Professional\Wokspaces\Eclipse-Workspace\02)_All_In_One_Projects\all_in_one\target\classes started by ashwin in C:\Ashwin\Professional\Wokspaces\Eclipse-Workspace\02)_All_In_One_Projects\all_in_one)
2024-01-29 13:01:48.455  INFO 24532 --- [main] com.springboot.demo.DemoApplication      : The following 1 profile is active: "dev"
2024-01-29 13:01:49.269  INFO 24532 --- [main] .s.d.r.c.RepositoryConfigurationDelegate : Bootstrapping Spring Data JPA repositories in DEFAULT mode.
2024-01-29 13:01:49.345  INFO 24532 --- [main] .s.d.r.c.RepositoryConfigurationDelegate : Finished Spring Data repository scanning in 68 ms. Found 2 JPA repository interfaces.
2024-01-29 13:01:50.040  INFO 24532 --- [main] o.s.b.w.embedded.tomcat.TomcatWebServer  : Tomcat initialized with port(s): 8080 (http)
2024-01-29 13:01:50.049  INFO 24532 --- [main] o.apache.catalina.core.StandardService   : Starting service [Tomcat]
2024-01-29 13:01:50.050  INFO 24532 --- [main] org.apache.catalina.core.StandardEngine  : Starting Servlet engine: [Apache Tomcat/9.0.83]
2024-01-29 13:01:50.175  INFO 24532 --- [main] o.a.c.c.C.[Tomcat].[localhost].[/]       : Initializing Spring embedded WebApplicationContext
2024-01-29 13:01:50.176  INFO 24532 --- [main] w.s.c.ServletWebServerApplicationContext : Root WebApplicationContext: initialization completed in 1669 ms
2024-01-29 13:01:50.419  INFO 24532 --- [main] o.hibernate.jpa.internal.util.LogHelper  : HHH000204: Processing PersistenceUnitInfo [name: default]
2024-01-29 13:01:50.494  INFO 24532 --- [main] org.hibernate.Version                    : HHH000412: Hibernate ORM core version 5.6.15.Final
2024-01-29 13:01:50.692  INFO 24532 --- [main] o.hibernate.annotations.common.Version   : HCANN000001: Hibernate Commons Annotations {5.1.2.Final}
2024-01-29 13:01:50.826  INFO 24532 --- [main] com.zaxxer.hikari.HikariDataSource       : HikariPool-1 - Starting...
2024-01-29 13:01:51.018  INFO 24532 --- [main] com.zaxxer.hikari.HikariDataSource       : HikariPool-1 - Start completed.
2024-01-29 13:01:51.045  INFO 24532 --- [main] org.hibernate.dialect.Dialect            : HHH000400: Using dialect: org.hibernate.dialect.MySQL57Dialect
2024-01-29 13:01:51.835  INFO 24532 --- [main] o.h.e.t.j.p.i.JtaPlatformInitiator       : HHH000490: Using JtaPlatform implementation: [org.hibernate.engine.transaction.jta.platform.internal.NoJtaPlatform]
2024-01-29 13:01:51.845  INFO 24532 --- [main] j.LocalContainerEntityManagerFactoryBean : Initialized JPA EntityManagerFactory for persistence unit 'default'
2024-01-29 13:01:52.686  INFO 24532 --- [main] o.s.s.web.DefaultSecurityFilterChain     : Will secure any request with [org.springframework.security.web.session.DisableEncodeUrlFilter@6632eb19, org.springframework.security.web.context.request.async.WebAsyncManagerIntegrationFilter@42db3ff, org.springframework.security.web.context.SecurityContextPersistenceFilter@218e186b, org.springframework.security.web.header.HeaderWriterFilter@4fc84c92, org.springframework.web.filter.CorsFilter@73417494, org.springframework.security.web.authentication.logout.LogoutFilter@11ad327f, com.springboot.demo.security.config.JwtAuthenticationFilter@384f0e32, org.springframework.security.web.authentication.www.BasicAuthenticationFilter@1d4c6e32, org.springframework.security.web.savedrequest.RequestCacheAwareFilter@612531a3, org.springframework.security.web.servletapi.SecurityContextHolderAwareRequestFilter@6b9fc5c7, org.springframework.security.web.authentication.AnonymousAuthenticationFilter@5a95aaae, org.springframework.security.web.session.SessionManagementFilter@10f60e36, org.springframework.security.web.access.ExceptionTranslationFilter@15a5cc6e, org.springframework.security.web.access.intercept.AuthorizationFilter@4df5f119]
2024-01-29 13:01:52.922  WARN 24532 --- [main] JpaBaseConfiguration$JpaWebConfiguration : spring.jpa.open-in-view is enabled by default. Therefore, database queries may be performed during view rendering. Explicitly configure spring.jpa.open-in-view to disable this warning
2024-01-29 13:01:53.502  INFO 24532 --- [main] o.s.b.w.embedded.tomcat.TomcatWebServer  : Tomcat started on port(s): 8080 (http) with context path ''
2024-01-29 13:01:53.512  INFO 24532 --- [main] com.springboot.demo.DemoApplication      : Started DemoApplication in 5.546 seconds (JVM running for 6.58)
2024-01-29 15:18:32.858  INFO 12744 --- [main] com.springboot.demo.DemoApplication      : Starting DemoApplication using Java 11.0.15 on Ashwin-DESKTOP-89R6KLU with PID 12744 (C:\Ashwin\Professional\Wokspaces\Eclipse-Workspace\02)_All_In_One_Projects\all_in_one\target\classes started by ashwin in C:\Ashwin\Professional\Wokspaces\Eclipse-Workspace\02)_All_In_One_Projects\all_in_one)
2024-01-29 15:18:32.866  INFO 12744 --- [main] com.springboot.demo.DemoApplication      : The following 1 profile is active: "dev"
2024-01-29 15:18:33.978  INFO 12744 --- [main] .s.d.r.c.RepositoryConfigurationDelegate : Bootstrapping Spring Data JPA repositories in DEFAULT mode.
2024-01-29 15:18:34.055  INFO 12744 --- [main] .s.d.r.c.RepositoryConfigurationDelegate : Finished Spring Data repository scanning in 65 ms. Found 2 JPA repository interfaces.
2024-01-29 15:18:34.858  INFO 12744 --- [main] o.s.b.w.embedded.tomcat.TomcatWebServer  : Tomcat initialized with port(s): 8080 (http)
2024-01-29 15:18:34.869  INFO 12744 --- [main] o.apache.catalina.core.StandardService   : Starting service [Tomcat]
2024-01-29 15:18:34.870  INFO 12744 --- [main] org.apache.catalina.core.StandardEngine  : Starting Servlet engine: [Apache Tomcat/9.0.83]
2024-01-29 15:18:35.050  INFO 12744 --- [main] o.a.c.c.C.[Tomcat].[localhost].[/]       : Initializing Spring embedded WebApplicationContext
2024-01-29 15:18:35.051  INFO 12744 --- [main] w.s.c.ServletWebServerApplicationContext : Root WebApplicationContext: initialization completed in 2112 ms
2024-01-29 15:18:35.544  INFO 12744 --- [main] o.hibernate.jpa.internal.util.LogHelper  : HHH000204: Processing PersistenceUnitInfo [name: default]
2024-01-29 15:18:35.665  INFO 12744 --- [main] org.hibernate.Version                    : HHH000412: Hibernate ORM core version 5.6.15.Final
2024-01-29 15:18:35.971  INFO 12744 --- [main] o.hibernate.annotations.common.Version   : HCANN000001: Hibernate Commons Annotations {5.1.2.Final}
2024-01-29 15:18:36.184  INFO 12744 --- [main] com.zaxxer.hikari.HikariDataSource       : HikariPool-1 - Starting...
2024-01-29 15:18:36.594  INFO 12744 --- [main] com.zaxxer.hikari.HikariDataSource       : HikariPool-1 - Start completed.
2024-01-29 15:18:36.624  INFO 12744 --- [main] org.hibernate.dialect.Dialect            : HHH000400: Using dialect: org.hibernate.dialect.MySQL57Dialect
2024-01-29 15:18:38.239  INFO 12744 --- [main] o.h.e.t.j.p.i.JtaPlatformInitiator       : HHH000490: Using JtaPlatform implementation: [org.hibernate.engine.transaction.jta.platform.internal.NoJtaPlatform]
2024-01-29 15:18:38.257  INFO 12744 --- [main] j.LocalContainerEntityManagerFactoryBean : Initialized JPA EntityManagerFactory for persistence unit 'default'
2024-01-29 15:18:39.201  INFO 12744 --- [main] o.s.s.web.DefaultSecurityFilterChain     : Will secure any request with [org.springframework.security.web.session.DisableEncodeUrlFilter@1f370472, org.springframework.security.web.context.request.async.WebAsyncManagerIntegrationFilter@50d91a0f, org.springframework.security.web.context.SecurityContextPersistenceFilter@4626f584, org.springframework.security.web.header.HeaderWriterFilter@23f539df, org.springframework.web.filter.CorsFilter@49770ef9, org.springframework.security.web.authentication.logout.LogoutFilter@8a7cd7c, com.springboot.demo.security.config.JwtAuthenticationFilter@7ea8224b, org.springframework.security.web.authentication.www.BasicAuthenticationFilter@44d6f9cf, org.springframework.security.web.savedrequest.RequestCacheAwareFilter@3e4ead73, org.springframework.security.web.servletapi.SecurityContextHolderAwareRequestFilter@15a5cc6e, org.springframework.security.web.authentication.AnonymousAuthenticationFilter@3ace65df, org.springframework.security.web.session.SessionManagementFilter@46146832, org.springframework.security.web.access.ExceptionTranslationFilter@2d97344c, org.springframework.security.web.access.intercept.AuthorizationFilter@4b808427]
2024-01-29 15:18:39.455  WARN 12744 --- [main] JpaBaseConfiguration$JpaWebConfiguration : spring.jpa.open-in-view is enabled by default. Therefore, database queries may be performed during view rendering. Explicitly configure spring.jpa.open-in-view to disable this warning
2024-01-29 15:18:40.180  INFO 12744 --- [main] o.s.b.w.embedded.tomcat.TomcatWebServer  : Tomcat started on port(s): 8080 (http) with context path ''
2024-01-29 15:18:40.192  INFO 12744 --- [main] com.springboot.demo.DemoApplication      : Started DemoApplication in 8.083 seconds (JVM running for 9.482)
2024-01-29 15:18:47.313  INFO 12744 --- [http-nio-8080-exec-2] o.a.c.c.C.[Tomcat].[localhost].[/]       : Initializing Spring DispatcherServlet 'dispatcherServlet'
2024-01-29 15:18:47.314  INFO 12744 --- [http-nio-8080-exec-2] o.s.web.servlet.DispatcherServlet        : Initializing Servlet 'dispatcherServlet'
2024-01-29 15:18:47.318  INFO 12744 --- [http-nio-8080-exec-2] o.s.web.servlet.DispatcherServlet        : Completed initialization in 3 ms
2024-01-29 15:18:47.403  INFO 12744 --- [http-nio-8080-exec-2] c.s.d.s.config.JwtAuthenticationFilter   : requestHeader[null]
2024-01-29 15:18:47.409  INFO 12744 --- [http-nio-8080-exec-2] c.s.d.s.config.JwtAuthenticationFilter   : Invalid Header Value!
2024-01-29 15:18:47.690  INFO 12744 --- [http-nio-8080-exec-2] c.s.d.s.controller.AuthController        : Jwt Token Request[JwtTokenRequest(emailId=u@u.com, password=user)]
2024-01-29 15:18:48.392 DEBUG 12744 --- [http-nio-8080-exec-2] org.hibernate.SQL                        : 
    select
        user0_.id as id1_1_,
        user0_.email_id as email_id2_1_,
        user0_.password as password3_1_,
        user0_.role as role4_1_,
        user0_.user_name as user_nam5_1_ 
    from
        user user0_ 
    where
        user0_.email_id=?
2024-01-29 15:18:48.401 TRACE 12744 --- [http-nio-8080-exec-2] o.h.type.descriptor.sql.BasicBinder      : binding parameter [1] as [VARCHAR] - [u@u.com]
2024-01-29 15:18:48.440 DEBUG 12744 --- [http-nio-8080-exec-2] org.hibernate.SQL                        : 
    select
        refreshtok0_.id as id1_0_0_,
        refreshtok0_.expiry as expiry2_0_0_,
        refreshtok0_.refresh_token as refresh_3_0_0_,
        refreshtok0_.user_id as user_id4_0_0_ 
    from
        refresh_token refreshtok0_ 
    where
        refreshtok0_.user_id=?
2024-01-29 15:18:48.446 TRACE 12744 --- [http-nio-8080-exec-2] o.h.type.descriptor.sql.BasicBinder      : binding parameter [1] as [INTEGER] - [3]
2024-01-29 15:18:48.676 DEBUG 12744 --- [http-nio-8080-exec-2] org.hibernate.SQL                        : 
    select
        user0_.id as id1_1_,
        user0_.email_id as email_id2_1_,
        user0_.password as password3_1_,
        user0_.role as role4_1_,
        user0_.user_name as user_nam5_1_ 
    from
        user user0_ 
    where
        user0_.email_id=?
2024-01-29 15:18:48.676 TRACE 12744 --- [http-nio-8080-exec-2] o.h.type.descriptor.sql.BasicBinder      : binding parameter [1] as [VARCHAR] - [u@u.com]
2024-01-29 15:18:48.863 DEBUG 12744 --- [http-nio-8080-exec-2] org.hibernate.SQL                        : 
    select
        user0_.id as id1_1_,
        user0_.email_id as email_id2_1_,
        user0_.password as password3_1_,
        user0_.role as role4_1_,
        user0_.user_name as user_nam5_1_ 
    from
        user user0_ 
    where
        user0_.email_id=?
2024-01-29 15:18:48.863 TRACE 12744 --- [http-nio-8080-exec-2] o.h.type.descriptor.sql.BasicBinder      : binding parameter [1] as [VARCHAR] - [u@u.com]
2024-01-29 15:18:48.972 DEBUG 12744 --- [http-nio-8080-exec-2] org.hibernate.SQL                        : 
    update
        refresh_token 
    set
        expiry=?,
        refresh_token=?,
        user_id=? 
    where
        id=?
2024-01-29 15:18:48.977 TRACE 12744 --- [http-nio-8080-exec-2] o.h.type.descriptor.sql.BasicBinder      : binding parameter [1] as [TIMESTAMP] - [2024-01-29T10:48:48.863015800Z]
2024-01-29 15:18:48.985 TRACE 12744 --- [http-nio-8080-exec-2] o.h.type.descriptor.sql.BasicBinder      : binding parameter [2] as [VARCHAR] - [692a65f3-3a30-4343-ae3a-47a2241ec41e]
2024-01-29 15:18:48.989 TRACE 12744 --- [http-nio-8080-exec-2] o.h.type.descriptor.sql.BasicBinder      : binding parameter [3] as [INTEGER] - [3]
2024-01-29 15:18:48.989 TRACE 12744 --- [http-nio-8080-exec-2] o.h.type.descriptor.sql.BasicBinder      : binding parameter [4] as [INTEGER] - [7]
2024-01-29 15:18:49.025  INFO 12744 --- [http-nio-8080-exec-2] c.s.d.s.controller.AuthController        : Jwt Token Response[JwtTokenResponse(jwtToken=eyJhbGciOiJIUzUxMiJ9.eyJzdWIiOiJ1QHUuY29tIiwiaWF0IjoxNzA2NTIxNzI4LCJleHAiOjE3MDY1MjM1Mjh9.yG_5iBrhei3O37VBpMObGvXBBaPBDTarNoPKq_ShKMPsgMBrZg5fUaKYWeVniqxdLDzSP5AQnuctlbEEJ52U-Q, refreshToken=692a65f3-3a30-4343-ae3a-47a2241ec41e, username=u@u.com)]
2024-01-29 15:18:58.222  INFO 12744 --- [http-nio-8080-exec-1] c.s.d.s.config.JwtAuthenticationFilter   : requestHeader[Bearer eyJhbGciOiJIUzUxMiJ9.eyJzdWIiOiJ1QHUuY29tIiwiaWF0IjoxNzA2NTIxNzI4LCJleHAiOjE3MDY1MjM1Mjh9.yG_5iBrhei3O37VBpMObGvXBBaPBDTarNoPKq_ShKMPsgMBrZg5fUaKYWeVniqxdLDzSP5AQnuctlbEEJ52U-Q]
2024-01-29 15:18:58.362 DEBUG 12744 --- [http-nio-8080-exec-1] org.hibernate.SQL                        : 
    select
        user0_.id as id1_1_,
        user0_.email_id as email_id2_1_,
        user0_.password as password3_1_,
        user0_.role as role4_1_,
        user0_.user_name as user_nam5_1_ 
    from
        user user0_ 
    where
        user0_.email_id=?
2024-01-29 15:18:58.364 TRACE 12744 --- [http-nio-8080-exec-1] o.h.type.descriptor.sql.BasicBinder      : binding parameter [1] as [VARCHAR] - [u@u.com]
2024-01-29 15:18:58.371 DEBUG 12744 --- [http-nio-8080-exec-1] org.hibernate.SQL                        : 
    select
        refreshtok0_.id as id1_0_0_,
        refreshtok0_.expiry as expiry2_0_0_,
        refreshtok0_.refresh_token as refresh_3_0_0_,
        refreshtok0_.user_id as user_id4_0_0_ 
    from
        refresh_token refreshtok0_ 
    where
        refreshtok0_.user_id=?
2024-01-29 15:18:58.371 TRACE 12744 --- [http-nio-8080-exec-1] o.h.type.descriptor.sql.BasicBinder      : binding parameter [1] as [INTEGER] - [3]
2024-01-29 15:42:53.190  INFO 12744 --- [RMI TCP Connection(2)-127.0.0.1] inMXBeanRegistrar$SpringApplicationAdmin : Application shutdown requested.
2024-01-29 15:42:53.362  INFO 12744 --- [RMI TCP Connection(2)-127.0.0.1] o.apache.catalina.core.StandardService   : Stopping service [Tomcat]
2024-01-29 15:42:53.370  INFO 12744 --- [RMI TCP Connection(2)-127.0.0.1] o.a.c.c.C.[Tomcat].[localhost].[/]       : Destroying Spring FrameworkServlet 'dispatcherServlet'
2024-01-29 15:42:53.382  WARN 12744 --- [RMI TCP Connection(2)-127.0.0.1] o.a.c.loader.WebappClassLoaderBase       : The web application [ROOT] appears to have started a thread named [HikariPool-1 housekeeper] but has failed to stop it. This is very likely to create a memory leak. Stack trace of thread:
 java.base@11.0.15/jdk.internal.misc.Unsafe.park(Native Method)
 java.base@11.0.15/java.util.concurrent.locks.LockSupport.parkNanos(LockSupport.java:234)
 java.base@11.0.15/java.util.concurrent.locks.AbstractQueuedSynchronizer$ConditionObject.awaitNanos(AbstractQueuedSynchronizer.java:2123)
 java.base@11.0.15/java.util.concurrent.ScheduledThreadPoolExecutor$DelayedWorkQueue.take(ScheduledThreadPoolExecutor.java:1182)
 java.base@11.0.15/java.util.concurrent.ScheduledThreadPoolExecutor$DelayedWorkQueue.take(ScheduledThreadPoolExecutor.java:899)
 java.base@11.0.15/java.util.concurrent.ThreadPoolExecutor.getTask(ThreadPoolExecutor.java:1054)
 java.base@11.0.15/java.util.concurrent.ThreadPoolExecutor.runWorker(ThreadPoolExecutor.java:1114)
 java.base@11.0.15/java.util.concurrent.ThreadPoolExecutor$Worker.run(ThreadPoolExecutor.java:628)
 java.base@11.0.15/java.lang.Thread.run(Thread.java:834)
2024-01-29 15:42:53.406  INFO 12744 --- [RMI TCP Connection(2)-127.0.0.1] j.LocalContainerEntityManagerFactoryBean : Closing JPA EntityManagerFactory for persistence unit 'default'
2024-01-29 15:42:53.415  INFO 12744 --- [RMI TCP Connection(2)-127.0.0.1] com.zaxxer.hikari.HikariDataSource       : HikariPool-1 - Shutdown initiated...
2024-01-29 15:42:53.453  INFO 12744 --- [RMI TCP Connection(2)-127.0.0.1] com.zaxxer.hikari.HikariDataSource       : HikariPool-1 - Shutdown completed.
