2023-12-18 10:17:55.971  INFO 23304 --- [main] com.springboot.demo.DemoApplication      : Starting DemoApplication using Java 11.0.15 on Ashwin-DESKTOP-89R6KLU with PID 23304 (C:\Ashwin\Professional\Wokspaces\Eclipse-Workspace\All In One\security_with_swagger_3\target\classes started by ashwin in C:\Ashwin\Professional\Wokspaces\Eclipse-Workspace\All In One\security_with_swagger_3)
2023-12-18 10:17:55.983  INFO 23304 --- [main] com.springboot.demo.DemoApplication      : The following 1 profile is active: "dev"
2023-12-18 10:17:56.944  INFO 23304 --- [main] .s.d.r.c.RepositoryConfigurationDelegate : Bootstrapping Spring Data JPA repositories in DEFAULT mode.
2023-12-18 10:17:57.000  INFO 23304 --- [main] .s.d.r.c.RepositoryConfigurationDelegate : Finished Spring Data repository scanning in 45 ms. Found 1 JPA repository interfaces.
2023-12-18 10:17:57.589  INFO 23304 --- [main] o.s.b.w.embedded.tomcat.TomcatWebServer  : Tomcat initialized with port(s): 8080 (http)
2023-12-18 10:17:57.601  INFO 23304 --- [main] o.apache.catalina.core.StandardService   : Starting service [Tomcat]
2023-12-18 10:17:57.602  INFO 23304 --- [main] org.apache.catalina.core.StandardEngine  : Starting Servlet engine: [Apache Tomcat/9.0.83]
2023-12-18 10:17:57.762  INFO 23304 --- [main] o.a.c.c.C.[Tomcat].[localhost].[/]       : Initializing Spring embedded WebApplicationContext
2023-12-18 10:17:57.764  INFO 23304 --- [main] w.s.c.ServletWebServerApplicationContext : Root WebApplicationContext: initialization completed in 1717 ms
2023-12-18 10:17:57.989  INFO 23304 --- [main] o.hibernate.jpa.internal.util.LogHelper  : HHH000204: Processing PersistenceUnitInfo [name: default]
2023-12-18 10:17:58.080  INFO 23304 --- [main] org.hibernate.Version                    : HHH000412: Hibernate ORM core version 5.6.15.Final
2023-12-18 10:17:58.314  INFO 23304 --- [main] o.hibernate.annotations.common.Version   : HCANN000001: Hibernate Commons Annotations {5.1.2.Final}
2023-12-18 10:17:58.443  INFO 23304 --- [main] com.zaxxer.hikari.HikariDataSource       : HikariPool-1 - Starting...
2023-12-18 10:17:58.655  INFO 23304 --- [main] com.zaxxer.hikari.HikariDataSource       : HikariPool-1 - Start completed.
2023-12-18 10:17:58.681  INFO 23304 --- [main] org.hibernate.dialect.Dialect            : HHH000400: Using dialect: org.hibernate.dialect.MySQL57Dialect
2023-12-18 10:17:59.524  INFO 23304 --- [main] o.h.e.t.j.p.i.JtaPlatformInitiator       : HHH000490: Using JtaPlatform implementation: [org.hibernate.engine.transaction.jta.platform.internal.NoJtaPlatform]
2023-12-18 10:17:59.538  INFO 23304 --- [main] j.LocalContainerEntityManagerFactoryBean : Initialized JPA EntityManagerFactory for persistence unit 'default'
2023-12-18 10:18:00.067  WARN 23304 --- [main] JpaBaseConfiguration$JpaWebConfiguration : spring.jpa.open-in-view is enabled by default. Therefore, database queries may be performed during view rendering. Explicitly configure spring.jpa.open-in-view to disable this warning
2023-12-18 10:18:00.631  INFO 23304 --- [main] o.s.s.web.DefaultSecurityFilterChain     : Will secure any request with [org.springframework.security.web.session.DisableEncodeUrlFilter@7d44eab, org.springframework.security.web.context.request.async.WebAsyncManagerIntegrationFilter@35e7fcf2, org.springframework.security.web.context.SecurityContextPersistenceFilter@322f84fd, org.springframework.security.web.header.HeaderWriterFilter@f26cd76, org.springframework.web.filter.CorsFilter@620f7a39, org.springframework.security.web.authentication.logout.LogoutFilter@e5f05f8, org.springframework.security.web.authentication.UsernamePasswordAuthenticationFilter@7a7bb083, org.springframework.security.web.authentication.www.BasicAuthenticationFilter@3599b18, org.springframework.security.web.savedrequest.RequestCacheAwareFilter@10bcbbed, org.springframework.security.web.servletapi.SecurityContextHolderAwareRequestFilter@47c422d3, org.springframework.security.web.authentication.AnonymousAuthenticationFilter@e581302, org.springframework.security.web.session.SessionManagementFilter@65a8c306, org.springframework.security.web.access.ExceptionTranslationFilter@24d73c51, org.springframework.security.web.access.intercept.FilterSecurityInterceptor@220a5163]
2023-12-18 10:18:00.907  INFO 23304 --- [main] o.s.b.w.embedded.tomcat.TomcatWebServer  : Tomcat started on port(s): 8080 (http) with context path ''
2023-12-18 10:18:00.918  INFO 23304 --- [main] com.springboot.demo.DemoApplication      : Started DemoApplication in 5.479 seconds (JVM running for 6.394)
2023-12-18 10:18:04.130  INFO 23304 --- [http-nio-8080-exec-1] o.a.c.c.C.[Tomcat].[localhost].[/]       : Initializing Spring DispatcherServlet 'dispatcherServlet'
2023-12-18 10:18:04.131  INFO 23304 --- [http-nio-8080-exec-1] o.s.web.servlet.DispatcherServlet        : Initializing Servlet 'dispatcherServlet'
2023-12-18 10:18:04.134  INFO 23304 --- [http-nio-8080-exec-1] o.s.web.servlet.DispatcherServlet        : Completed initialization in 2 ms
2023-12-18 10:18:04.840  INFO 23304 --- [http-nio-8080-exec-8] o.springdoc.api.AbstractOpenApiResource  : Init duration for springdoc-openapi is: 296 ms
2023-12-18 10:18:42.395  INFO 2952 --- [main] com.springboot.demo.DemoApplication      : Starting DemoApplication using Java 11.0.15 on Ashwin-DESKTOP-89R6KLU with PID 2952 (C:\Ashwin\Professional\Wokspaces\Eclipse-Workspace\All In One\security_with_swagger_3\target\classes started by ashwin in C:\Ashwin\Professional\Wokspaces\Eclipse-Workspace\All In One\security_with_swagger_3)
2023-12-18 10:18:42.399  INFO 2952 --- [main] com.springboot.demo.DemoApplication      : The following 1 profile is active: "dev"
2023-12-18 10:18:43.104  INFO 2952 --- [main] .s.d.r.c.RepositoryConfigurationDelegate : Bootstrapping Spring Data JPA repositories in DEFAULT mode.
2023-12-18 10:18:43.166  INFO 2952 --- [main] .s.d.r.c.RepositoryConfigurationDelegate : Finished Spring Data repository scanning in 52 ms. Found 1 JPA repository interfaces.
2023-12-18 10:18:43.701  INFO 2952 --- [main] o.s.b.w.embedded.tomcat.TomcatWebServer  : Tomcat initialized with port(s): 8080 (http)
2023-12-18 10:18:43.711  INFO 2952 --- [main] o.apache.catalina.core.StandardService   : Starting service [Tomcat]
2023-12-18 10:18:43.711  INFO 2952 --- [main] org.apache.catalina.core.StandardEngine  : Starting Servlet engine: [Apache Tomcat/9.0.83]
2023-12-18 10:18:43.860  INFO 2952 --- [main] o.a.c.c.C.[Tomcat].[localhost].[/]       : Initializing Spring embedded WebApplicationContext
2023-12-18 10:18:43.861  INFO 2952 --- [main] w.s.c.ServletWebServerApplicationContext : Root WebApplicationContext: initialization completed in 1415 ms
2023-12-18 10:18:44.065  INFO 2952 --- [main] o.hibernate.jpa.internal.util.LogHelper  : HHH000204: Processing PersistenceUnitInfo [name: default]
2023-12-18 10:18:44.144  INFO 2952 --- [main] org.hibernate.Version                    : HHH000412: Hibernate ORM core version 5.6.15.Final
2023-12-18 10:18:44.369  INFO 2952 --- [main] o.hibernate.annotations.common.Version   : HCANN000001: Hibernate Commons Annotations {5.1.2.Final}
2023-12-18 10:18:44.499  INFO 2952 --- [main] com.zaxxer.hikari.HikariDataSource       : HikariPool-1 - Starting...
2023-12-18 10:18:44.756  INFO 2952 --- [main] com.zaxxer.hikari.HikariDataSource       : HikariPool-1 - Start completed.
2023-12-18 10:18:44.784  INFO 2952 --- [main] org.hibernate.dialect.Dialect            : HHH000400: Using dialect: org.hibernate.dialect.MySQL57Dialect
2023-12-18 10:18:45.649  INFO 2952 --- [main] o.h.e.t.j.p.i.JtaPlatformInitiator       : HHH000490: Using JtaPlatform implementation: [org.hibernate.engine.transaction.jta.platform.internal.NoJtaPlatform]
2023-12-18 10:18:45.667  INFO 2952 --- [main] j.LocalContainerEntityManagerFactoryBean : Initialized JPA EntityManagerFactory for persistence unit 'default'
2023-12-18 10:18:46.353  WARN 2952 --- [main] JpaBaseConfiguration$JpaWebConfiguration : spring.jpa.open-in-view is enabled by default. Therefore, database queries may be performed during view rendering. Explicitly configure spring.jpa.open-in-view to disable this warning
2023-12-18 10:18:47.093  INFO 2952 --- [main] o.s.s.web.DefaultSecurityFilterChain     : Will secure any request with [org.springframework.security.web.session.DisableEncodeUrlFilter@28551755, org.springframework.security.web.context.request.async.WebAsyncManagerIntegrationFilter@7ec68821, org.springframework.security.web.context.SecurityContextPersistenceFilter@45f6181a, org.springframework.security.web.header.HeaderWriterFilter@45ac973, org.springframework.web.filter.CorsFilter@220a5163, org.springframework.security.web.authentication.logout.LogoutFilter@68b3de47, org.springframework.security.web.authentication.UsernamePasswordAuthenticationFilter@6fa2d0b2, org.springframework.security.web.authentication.www.BasicAuthenticationFilter@6e7cb01a, org.springframework.security.web.savedrequest.RequestCacheAwareFilter@7e0941cc, org.springframework.security.web.servletapi.SecurityContextHolderAwareRequestFilter@78805df3, org.springframework.security.web.authentication.AnonymousAuthenticationFilter@6158113e, org.springframework.security.web.session.SessionManagementFilter@40239b34, org.springframework.security.web.access.ExceptionTranslationFilter@7f57a7a4, org.springframework.security.web.access.intercept.FilterSecurityInterceptor@57df93c1]
2023-12-18 10:18:47.400  INFO 2952 --- [main] o.s.b.w.embedded.tomcat.TomcatWebServer  : Tomcat started on port(s): 8080 (http) with context path ''
2023-12-18 10:18:47.408  INFO 2952 --- [main] com.springboot.demo.DemoApplication      : Started DemoApplication in 5.44 seconds (JVM running for 6.464)
2023-12-18 10:18:51.371  INFO 2952 --- [http-nio-8080-exec-1] o.a.c.c.C.[Tomcat].[localhost].[/]       : Initializing Spring DispatcherServlet 'dispatcherServlet'
2023-12-18 10:18:51.372  INFO 2952 --- [http-nio-8080-exec-1] o.s.web.servlet.DispatcherServlet        : Initializing Servlet 'dispatcherServlet'
2023-12-18 10:18:51.373  INFO 2952 --- [http-nio-8080-exec-1] o.s.web.servlet.DispatcherServlet        : Completed initialization in 1 ms
2023-12-18 10:18:51.936  INFO 2952 --- [http-nio-8080-exec-8] o.springdoc.api.AbstractOpenApiResource  : Init duration for springdoc-openapi is: 236 ms
