2023-12-17 13:44:34.155  INFO 18516 --- [main] com.springboot.demo.DemoApplication      : Starting DemoApplication using Java 11.0.15 on Ashwin-DESKTOP-89R6KLU with PID 18516 (C:\Ashwin\Professional\Wokspaces\Eclipse-Workspace\All In One\swagger_3\target\classes started by ashwin in C:\Ashwin\Professional\Wokspaces\Eclipse-Workspace\All In One\swagger_3)
2023-12-17 13:44:34.169  INFO 18516 --- [main] com.springboot.demo.DemoApplication      : The following 1 profile is active: "dev"
2023-12-17 13:44:35.151  INFO 18516 --- [main] .s.d.r.c.RepositoryConfigurationDelegate : Bootstrapping Spring Data JPA repositories in DEFAULT mode.
2023-12-17 13:44:35.249  INFO 18516 --- [main] .s.d.r.c.RepositoryConfigurationDelegate : Finished Spring Data repository scanning in 80 ms. Found 1 JPA repository interfaces.
2023-12-17 13:44:36.220  INFO 18516 --- [main] o.s.b.w.embedded.tomcat.TomcatWebServer  : Tomcat initialized with port(s): 8080 (http)
2023-12-17 13:44:36.234  INFO 18516 --- [main] o.apache.catalina.core.StandardService   : Starting service [Tomcat]
2023-12-17 13:44:36.234  INFO 18516 --- [main] org.apache.catalina.core.StandardEngine  : Starting Servlet engine: [Apache Tomcat/9.0.83]
2023-12-17 13:44:36.373  INFO 18516 --- [main] o.a.c.c.C.[Tomcat].[localhost].[/]       : Initializing Spring embedded WebApplicationContext
2023-12-17 13:44:36.374  INFO 18516 --- [main] w.s.c.ServletWebServerApplicationContext : Root WebApplicationContext: initialization completed in 2130 ms
2023-12-17 13:44:36.694  INFO 18516 --- [main] o.hibernate.jpa.internal.util.LogHelper  : HHH000204: Processing PersistenceUnitInfo [name: default]
2023-12-17 13:44:36.797  INFO 18516 --- [main] org.hibernate.Version                    : HHH000412: Hibernate ORM core version 5.6.15.Final
2023-12-17 13:44:37.127  INFO 18516 --- [main] o.hibernate.annotations.common.Version   : HCANN000001: Hibernate Commons Annotations {5.1.2.Final}
2023-12-17 13:44:37.273  INFO 18516 --- [main] com.zaxxer.hikari.HikariDataSource       : HikariPool-1 - Starting...
2023-12-17 13:44:37.562  INFO 18516 --- [main] com.zaxxer.hikari.HikariDataSource       : HikariPool-1 - Start completed.
2023-12-17 13:44:37.590  INFO 18516 --- [main] org.hibernate.dialect.Dialect            : HHH000400: Using dialect: org.hibernate.dialect.MySQL57Dialect
2023-12-17 13:44:38.408  INFO 18516 --- [main] o.h.e.t.j.p.i.JtaPlatformInitiator       : HHH000490: Using JtaPlatform implementation: [org.hibernate.engine.transaction.jta.platform.internal.NoJtaPlatform]
2023-12-17 13:44:38.420  INFO 18516 --- [main] j.LocalContainerEntityManagerFactoryBean : Initialized JPA EntityManagerFactory for persistence unit 'default'
2023-12-17 13:44:38.976  WARN 18516 --- [main] JpaBaseConfiguration$JpaWebConfiguration : spring.jpa.open-in-view is enabled by default. Therefore, database queries may be performed during view rendering. Explicitly configure spring.jpa.open-in-view to disable this warning
2023-12-17 13:44:39.419  INFO 18516 --- [main] o.s.b.w.embedded.tomcat.TomcatWebServer  : Tomcat started on port(s): 8080 (http) with context path ''
2023-12-17 13:44:39.430  INFO 18516 --- [main] com.springboot.demo.DemoApplication      : Started DemoApplication in 5.85 seconds (JVM running for 7.359)
2023-12-17 13:44:55.182  INFO 18516 --- [http-nio-8080-exec-1] o.a.c.c.C.[Tomcat].[localhost].[/]       : Initializing Spring DispatcherServlet 'dispatcherServlet'
2023-12-17 13:44:55.186  INFO 18516 --- [http-nio-8080-exec-1] o.s.web.servlet.DispatcherServlet        : Initializing Servlet 'dispatcherServlet'
2023-12-17 13:44:55.186  INFO 18516 --- [http-nio-8080-exec-1] o.s.web.servlet.DispatcherServlet        : Completed initialization in 0 ms
2023-12-17 13:44:55.511  INFO 18516 --- [http-nio-8080-exec-1] o.springdoc.api.AbstractOpenApiResource  : Init duration for springdoc-openapi is: 267 ms
2023-12-17 13:46:50.299  INFO 11372 --- [main] com.springboot.demo.DemoApplication      : Starting DemoApplication using Java 11.0.15 on Ashwin-DESKTOP-89R6KLU with PID 11372 (C:\Ashwin\Professional\Wokspaces\Eclipse-Workspace\All In One\swagger_3\target\classes started by ashwin in C:\Ashwin\Professional\Wokspaces\Eclipse-Workspace\All In One\swagger_3)
2023-12-17 13:46:50.304  INFO 11372 --- [main] com.springboot.demo.DemoApplication      : The following 1 profile is active: "dev"
2023-12-17 13:46:51.091  INFO 11372 --- [main] .s.d.r.c.RepositoryConfigurationDelegate : Bootstrapping Spring Data JPA repositories in DEFAULT mode.
2023-12-17 13:46:51.147  INFO 11372 --- [main] .s.d.r.c.RepositoryConfigurationDelegate : Finished Spring Data repository scanning in 46 ms. Found 1 JPA repository interfaces.
2023-12-17 13:46:51.816  INFO 11372 --- [main] o.s.b.w.embedded.tomcat.TomcatWebServer  : Tomcat initialized with port(s): 8080 (http)
2023-12-17 13:46:51.828  INFO 11372 --- [main] o.apache.catalina.core.StandardService   : Starting service [Tomcat]
2023-12-17 13:46:51.828  INFO 11372 --- [main] org.apache.catalina.core.StandardEngine  : Starting Servlet engine: [Apache Tomcat/9.0.83]
2023-12-17 13:46:51.951  INFO 11372 --- [main] o.a.c.c.C.[Tomcat].[localhost].[/]       : Initializing Spring embedded WebApplicationContext
2023-12-17 13:46:51.951  INFO 11372 --- [main] w.s.c.ServletWebServerApplicationContext : Root WebApplicationContext: initialization completed in 1592 ms
2023-12-17 13:46:52.116  INFO 11372 --- [main] o.hibernate.jpa.internal.util.LogHelper  : HHH000204: Processing PersistenceUnitInfo [name: default]
2023-12-17 13:46:52.200  INFO 11372 --- [main] org.hibernate.Version                    : HHH000412: Hibernate ORM core version 5.6.15.Final
2023-12-17 13:46:52.384  INFO 11372 --- [main] o.hibernate.annotations.common.Version   : HCANN000001: Hibernate Commons Annotations {5.1.2.Final}
2023-12-17 13:46:52.498  INFO 11372 --- [main] com.zaxxer.hikari.HikariDataSource       : HikariPool-1 - Starting...
2023-12-17 13:46:52.701  INFO 11372 --- [main] com.zaxxer.hikari.HikariDataSource       : HikariPool-1 - Start completed.
2023-12-17 13:46:52.725  INFO 11372 --- [main] org.hibernate.dialect.Dialect            : HHH000400: Using dialect: org.hibernate.dialect.MySQL57Dialect
2023-12-17 13:46:53.580  INFO 11372 --- [main] o.h.e.t.j.p.i.JtaPlatformInitiator       : HHH000490: Using JtaPlatform implementation: [org.hibernate.engine.transaction.jta.platform.internal.NoJtaPlatform]
2023-12-17 13:46:53.596  INFO 11372 --- [main] j.LocalContainerEntityManagerFactoryBean : Initialized JPA EntityManagerFactory for persistence unit 'default'
2023-12-17 13:46:54.367  WARN 11372 --- [main] JpaBaseConfiguration$JpaWebConfiguration : spring.jpa.open-in-view is enabled by default. Therefore, database queries may be performed during view rendering. Explicitly configure spring.jpa.open-in-view to disable this warning
2023-12-17 13:46:55.083  INFO 11372 --- [main] o.s.b.w.embedded.tomcat.TomcatWebServer  : Tomcat started on port(s): 8080 (http) with context path ''
2023-12-17 13:46:55.095  INFO 11372 --- [main] com.springboot.demo.DemoApplication      : Started DemoApplication in 5.339 seconds (JVM running for 6.749)
2023-12-17 13:46:55.255  INFO 11372 --- [http-nio-8080-exec-1] o.a.c.c.C.[Tomcat].[localhost].[/]       : Initializing Spring DispatcherServlet 'dispatcherServlet'
2023-12-17 13:46:55.255  INFO 11372 --- [http-nio-8080-exec-1] o.s.web.servlet.DispatcherServlet        : Initializing Servlet 'dispatcherServlet'
2023-12-17 13:46:55.255  INFO 11372 --- [http-nio-8080-exec-1] o.s.web.servlet.DispatcherServlet        : Completed initialization in 0 ms
2023-12-17 13:46:55.724  INFO 11372 --- [http-nio-8080-exec-2] o.springdoc.api.AbstractOpenApiResource  : Init duration for springdoc-openapi is: 311 ms
2023-12-17 15:21:55.299  WARN 11372 --- [HikariPool-1 housekeeper] com.zaxxer.hikari.pool.HikariPool        : HikariPool-1 - Thread starvation or clock leap detected (housekeeper delta=1h29m2s364ms137µs400ns).
2023-12-17 15:40:36.102  INFO 20508 --- [main] com.springboot.demo.DemoApplication      : Starting DemoApplication using Java 11.0.15 on Ashwin-DESKTOP-89R6KLU with PID 20508 (C:\Ashwin\Professional\Wokspaces\Eclipse-Workspace\All In One\swagger_3\target\classes started by ashwin in C:\Ashwin\Professional\Wokspaces\Eclipse-Workspace\All In One\swagger_3)
2023-12-17 15:40:36.107  INFO 20508 --- [main] com.springboot.demo.DemoApplication      : The following 1 profile is active: "dev"
2023-12-17 15:40:36.990  INFO 20508 --- [main] .s.d.r.c.RepositoryConfigurationDelegate : Bootstrapping Spring Data JPA repositories in DEFAULT mode.
2023-12-17 15:40:37.063  INFO 20508 --- [main] .s.d.r.c.RepositoryConfigurationDelegate : Finished Spring Data repository scanning in 58 ms. Found 1 JPA repository interfaces.
2023-12-17 15:40:37.603  INFO 20508 --- [main] o.s.b.w.embedded.tomcat.TomcatWebServer  : Tomcat initialized with port(s): 8080 (http)
2023-12-17 15:40:37.616  INFO 20508 --- [main] o.apache.catalina.core.StandardService   : Starting service [Tomcat]
2023-12-17 15:40:37.616  INFO 20508 --- [main] org.apache.catalina.core.StandardEngine  : Starting Servlet engine: [Apache Tomcat/9.0.83]
2023-12-17 15:40:37.752  INFO 20508 --- [main] o.a.c.c.C.[Tomcat].[localhost].[/]       : Initializing Spring embedded WebApplicationContext
2023-12-17 15:40:37.752  INFO 20508 --- [main] w.s.c.ServletWebServerApplicationContext : Root WebApplicationContext: initialization completed in 1584 ms
2023-12-17 15:40:37.957  INFO 20508 --- [main] o.hibernate.jpa.internal.util.LogHelper  : HHH000204: Processing PersistenceUnitInfo [name: default]
2023-12-17 15:40:38.050  INFO 20508 --- [main] org.hibernate.Version                    : HHH000412: Hibernate ORM core version 5.6.15.Final
2023-12-17 15:40:38.286  INFO 20508 --- [main] o.hibernate.annotations.common.Version   : HCANN000001: Hibernate Commons Annotations {5.1.2.Final}
2023-12-17 15:40:38.444  INFO 20508 --- [main] com.zaxxer.hikari.HikariDataSource       : HikariPool-1 - Starting...
2023-12-17 15:40:38.727  INFO 20508 --- [main] com.zaxxer.hikari.HikariDataSource       : HikariPool-1 - Start completed.
2023-12-17 15:40:38.759  INFO 20508 --- [main] org.hibernate.dialect.Dialect            : HHH000400: Using dialect: org.hibernate.dialect.MySQL57Dialect
2023-12-17 15:40:39.574  INFO 20508 --- [main] o.h.e.t.j.p.i.JtaPlatformInitiator       : HHH000490: Using JtaPlatform implementation: [org.hibernate.engine.transaction.jta.platform.internal.NoJtaPlatform]
2023-12-17 15:40:39.588  INFO 20508 --- [main] j.LocalContainerEntityManagerFactoryBean : Initialized JPA EntityManagerFactory for persistence unit 'default'
2023-12-17 15:40:40.047  WARN 20508 --- [main] JpaBaseConfiguration$JpaWebConfiguration : spring.jpa.open-in-view is enabled by default. Therefore, database queries may be performed during view rendering. Explicitly configure spring.jpa.open-in-view to disable this warning
2023-12-17 15:40:40.487  INFO 20508 --- [main] o.s.b.w.embedded.tomcat.TomcatWebServer  : Tomcat started on port(s): 8080 (http) with context path ''
2023-12-17 15:40:40.496  INFO 20508 --- [main] com.springboot.demo.DemoApplication      : Started DemoApplication in 4.894 seconds (JVM running for 6.054)
2023-12-17 15:40:54.217  INFO 20508 --- [http-nio-8080-exec-2] o.a.c.c.C.[Tomcat].[localhost].[/]       : Initializing Spring DispatcherServlet 'dispatcherServlet'
2023-12-17 15:40:54.218  INFO 20508 --- [http-nio-8080-exec-2] o.s.web.servlet.DispatcherServlet        : Initializing Servlet 'dispatcherServlet'
2023-12-17 15:40:54.221  INFO 20508 --- [http-nio-8080-exec-2] o.s.web.servlet.DispatcherServlet        : Completed initialization in 3 ms
2023-12-17 15:40:54.862  INFO 20508 --- [http-nio-8080-exec-9] o.springdoc.api.AbstractOpenApiResource  : Init duration for springdoc-openapi is: 305 ms
2023-12-17 15:42:17.388 DEBUG 20508 --- [http-nio-8080-exec-3] org.hibernate.SQL                        : 
    select
        user0_.id as id1_0_,
        user0_.email_id as email_id2_0_,
        user0_.password as password3_0_,
        user0_.role as role4_0_,
        user0_.user_name as user_nam5_0_ 
    from
        user user0_
2023-12-17 15:44:14.802  INFO 10024 --- [main] com.springboot.demo.DemoApplication      : Starting DemoApplication using Java 11.0.15 on Ashwin-DESKTOP-89R6KLU with PID 10024 (C:\Ashwin\Professional\Wokspaces\Eclipse-Workspace\All In One\swagger_3\target\classes started by ashwin in C:\Ashwin\Professional\Wokspaces\Eclipse-Workspace\All In One\swagger_3)
2023-12-17 15:44:14.808  INFO 10024 --- [main] com.springboot.demo.DemoApplication      : The following 1 profile is active: "dev"
2023-12-17 15:44:15.674  INFO 10024 --- [main] .s.d.r.c.RepositoryConfigurationDelegate : Bootstrapping Spring Data JPA repositories in DEFAULT mode.
2023-12-17 15:44:15.723  INFO 10024 --- [main] .s.d.r.c.RepositoryConfigurationDelegate : Finished Spring Data repository scanning in 38 ms. Found 1 JPA repository interfaces.
2023-12-17 15:44:16.256  INFO 10024 --- [main] o.s.b.w.embedded.tomcat.TomcatWebServer  : Tomcat initialized with port(s): 8080 (http)
2023-12-17 15:44:16.267  INFO 10024 --- [main] o.apache.catalina.core.StandardService   : Starting service [Tomcat]
2023-12-17 15:44:16.267  INFO 10024 --- [main] org.apache.catalina.core.StandardEngine  : Starting Servlet engine: [Apache Tomcat/9.0.83]
2023-12-17 15:44:16.400  INFO 10024 --- [main] o.a.c.c.C.[Tomcat].[localhost].[/]       : Initializing Spring embedded WebApplicationContext
2023-12-17 15:44:16.400  INFO 10024 --- [main] w.s.c.ServletWebServerApplicationContext : Root WebApplicationContext: initialization completed in 1509 ms
2023-12-17 15:44:16.591  INFO 10024 --- [main] o.hibernate.jpa.internal.util.LogHelper  : HHH000204: Processing PersistenceUnitInfo [name: default]
2023-12-17 15:44:16.690  INFO 10024 --- [main] org.hibernate.Version                    : HHH000412: Hibernate ORM core version 5.6.15.Final
2023-12-17 15:44:16.934  INFO 10024 --- [main] o.hibernate.annotations.common.Version   : HCANN000001: Hibernate Commons Annotations {5.1.2.Final}
2023-12-17 15:44:17.064  INFO 10024 --- [main] com.zaxxer.hikari.HikariDataSource       : HikariPool-1 - Starting...
2023-12-17 15:44:17.269  INFO 10024 --- [main] com.zaxxer.hikari.HikariDataSource       : HikariPool-1 - Start completed.
2023-12-17 15:44:17.291  INFO 10024 --- [main] org.hibernate.dialect.Dialect            : HHH000400: Using dialect: org.hibernate.dialect.MySQL57Dialect
2023-12-17 15:44:18.443  INFO 10024 --- [main] o.h.e.t.j.p.i.JtaPlatformInitiator       : HHH000490: Using JtaPlatform implementation: [org.hibernate.engine.transaction.jta.platform.internal.NoJtaPlatform]
2023-12-17 15:44:18.462  INFO 10024 --- [main] j.LocalContainerEntityManagerFactoryBean : Initialized JPA EntityManagerFactory for persistence unit 'default'
2023-12-17 15:44:18.943  WARN 10024 --- [main] JpaBaseConfiguration$JpaWebConfiguration : spring.jpa.open-in-view is enabled by default. Therefore, database queries may be performed during view rendering. Explicitly configure spring.jpa.open-in-view to disable this warning
2023-12-17 15:44:19.528  INFO 10024 --- [main] o.s.b.w.embedded.tomcat.TomcatWebServer  : Tomcat started on port(s): 8080 (http) with context path ''
2023-12-17 15:44:19.540  INFO 10024 --- [main] com.springboot.demo.DemoApplication      : Started DemoApplication in 5.24 seconds (JVM running for 6.248)
2023-12-17 15:44:26.264  INFO 10024 --- [http-nio-8080-exec-2] o.a.c.c.C.[Tomcat].[localhost].[/]       : Initializing Spring DispatcherServlet 'dispatcherServlet'
2023-12-17 15:44:26.265  INFO 10024 --- [http-nio-8080-exec-2] o.s.web.servlet.DispatcherServlet        : Initializing Servlet 'dispatcherServlet'
2023-12-17 15:44:26.267  INFO 10024 --- [http-nio-8080-exec-2] o.s.web.servlet.DispatcherServlet        : Completed initialization in 1 ms
2023-12-17 15:44:26.902  INFO 10024 --- [http-nio-8080-exec-4] o.springdoc.api.AbstractOpenApiResource  : Init duration for springdoc-openapi is: 353 ms
2023-12-17 15:44:41.664  INFO 12420 --- [main] com.springboot.demo.DemoApplication      : Starting DemoApplication using Java 11.0.15 on Ashwin-DESKTOP-89R6KLU with PID 12420 (C:\Ashwin\Professional\Wokspaces\Eclipse-Workspace\All In One\swagger_3\target\classes started by ashwin in C:\Ashwin\Professional\Wokspaces\Eclipse-Workspace\All In One\swagger_3)
2023-12-17 15:44:41.670  INFO 12420 --- [main] com.springboot.demo.DemoApplication      : The following 1 profile is active: "dev"
2023-12-17 15:44:42.528  INFO 12420 --- [main] .s.d.r.c.RepositoryConfigurationDelegate : Bootstrapping Spring Data JPA repositories in DEFAULT mode.
2023-12-17 15:44:42.575  INFO 12420 --- [main] .s.d.r.c.RepositoryConfigurationDelegate : Finished Spring Data repository scanning in 37 ms. Found 1 JPA repository interfaces.
2023-12-17 15:44:43.406  INFO 12420 --- [main] o.s.b.w.embedded.tomcat.TomcatWebServer  : Tomcat initialized with port(s): 8080 (http)
2023-12-17 15:44:43.423  INFO 12420 --- [main] o.apache.catalina.core.StandardService   : Starting service [Tomcat]
2023-12-17 15:44:43.423  INFO 12420 --- [main] org.apache.catalina.core.StandardEngine  : Starting Servlet engine: [Apache Tomcat/9.0.83]
2023-12-17 15:44:43.600  INFO 12420 --- [main] o.a.c.c.C.[Tomcat].[localhost].[/]       : Initializing Spring embedded WebApplicationContext
2023-12-17 15:44:43.601  INFO 12420 --- [main] w.s.c.ServletWebServerApplicationContext : Root WebApplicationContext: initialization completed in 1869 ms
2023-12-17 15:44:43.812  INFO 12420 --- [main] o.hibernate.jpa.internal.util.LogHelper  : HHH000204: Processing PersistenceUnitInfo [name: default]
2023-12-17 15:44:43.887  INFO 12420 --- [main] org.hibernate.Version                    : HHH000412: Hibernate ORM core version 5.6.15.Final
2023-12-17 15:44:44.074  INFO 12420 --- [main] o.hibernate.annotations.common.Version   : HCANN000001: Hibernate Commons Annotations {5.1.2.Final}
2023-12-17 15:44:44.187  INFO 12420 --- [main] com.zaxxer.hikari.HikariDataSource       : HikariPool-1 - Starting...
2023-12-17 15:44:44.403  INFO 12420 --- [main] com.zaxxer.hikari.HikariDataSource       : HikariPool-1 - Start completed.
2023-12-17 15:44:44.432  INFO 12420 --- [main] org.hibernate.dialect.Dialect            : HHH000400: Using dialect: org.hibernate.dialect.MySQL57Dialect
2023-12-17 15:44:45.130  INFO 12420 --- [main] o.h.e.t.j.p.i.JtaPlatformInitiator       : HHH000490: Using JtaPlatform implementation: [org.hibernate.engine.transaction.jta.platform.internal.NoJtaPlatform]
2023-12-17 15:44:45.141  INFO 12420 --- [main] j.LocalContainerEntityManagerFactoryBean : Initialized JPA EntityManagerFactory for persistence unit 'default'
2023-12-17 15:44:45.574  WARN 12420 --- [main] JpaBaseConfiguration$JpaWebConfiguration : spring.jpa.open-in-view is enabled by default. Therefore, database queries may be performed during view rendering. Explicitly configure spring.jpa.open-in-view to disable this warning
2023-12-17 15:44:46.208  INFO 12420 --- [main] o.s.b.w.embedded.tomcat.TomcatWebServer  : Tomcat started on port(s): 8080 (http) with context path ''
2023-12-17 15:44:46.220  INFO 12420 --- [main] com.springboot.demo.DemoApplication      : Started DemoApplication in 5.183 seconds (JVM running for 6.47)
2023-12-17 15:44:59.245  INFO 12420 --- [http-nio-8080-exec-1] o.a.c.c.C.[Tomcat].[localhost].[/]       : Initializing Spring DispatcherServlet 'dispatcherServlet'
2023-12-17 15:44:59.248  INFO 12420 --- [http-nio-8080-exec-1] o.s.web.servlet.DispatcherServlet        : Initializing Servlet 'dispatcherServlet'
2023-12-17 15:44:59.251  INFO 12420 --- [http-nio-8080-exec-1] o.s.web.servlet.DispatcherServlet        : Completed initialization in 3 ms
2023-12-17 15:45:39.104  INFO 19556 --- [main] com.springboot.demo.DemoApplication      : Starting DemoApplication using Java 11.0.15 on Ashwin-DESKTOP-89R6KLU with PID 19556 (C:\Ashwin\Professional\Wokspaces\Eclipse-Workspace\All In One\swagger_3\target\classes started by ashwin in C:\Ashwin\Professional\Wokspaces\Eclipse-Workspace\All In One\swagger_3)
2023-12-17 15:45:39.109  INFO 19556 --- [main] com.springboot.demo.DemoApplication      : The following 1 profile is active: "dev"
2023-12-17 15:45:40.060  INFO 19556 --- [main] .s.d.r.c.RepositoryConfigurationDelegate : Bootstrapping Spring Data JPA repositories in DEFAULT mode.
2023-12-17 15:45:40.120  INFO 19556 --- [main] .s.d.r.c.RepositoryConfigurationDelegate : Finished Spring Data repository scanning in 48 ms. Found 1 JPA repository interfaces.
2023-12-17 15:45:40.730  INFO 19556 --- [main] o.s.b.w.embedded.tomcat.TomcatWebServer  : Tomcat initialized with port(s): 8080 (http)
2023-12-17 15:45:40.742  INFO 19556 --- [main] o.apache.catalina.core.StandardService   : Starting service [Tomcat]
2023-12-17 15:45:40.742  INFO 19556 --- [main] org.apache.catalina.core.StandardEngine  : Starting Servlet engine: [Apache Tomcat/9.0.83]
2023-12-17 15:45:41.009  INFO 19556 --- [main] o.a.c.c.C.[Tomcat].[localhost].[/]       : Initializing Spring embedded WebApplicationContext
2023-12-17 15:45:41.011  INFO 19556 --- [main] w.s.c.ServletWebServerApplicationContext : Root WebApplicationContext: initialization completed in 1836 ms
2023-12-17 15:45:41.225  INFO 19556 --- [main] o.hibernate.jpa.internal.util.LogHelper  : HHH000204: Processing PersistenceUnitInfo [name: default]
2023-12-17 15:45:41.298  INFO 19556 --- [main] org.hibernate.Version                    : HHH000412: Hibernate ORM core version 5.6.15.Final
2023-12-17 15:45:41.483  INFO 19556 --- [main] o.hibernate.annotations.common.Version   : HCANN000001: Hibernate Commons Annotations {5.1.2.Final}
2023-12-17 15:45:41.592  INFO 19556 --- [main] com.zaxxer.hikari.HikariDataSource       : HikariPool-1 - Starting...
2023-12-17 15:45:41.774  INFO 19556 --- [main] com.zaxxer.hikari.HikariDataSource       : HikariPool-1 - Start completed.
2023-12-17 15:45:41.790  INFO 19556 --- [main] org.hibernate.dialect.Dialect            : HHH000400: Using dialect: org.hibernate.dialect.MySQL57Dialect
2023-12-17 15:45:42.415  INFO 19556 --- [main] o.h.e.t.j.p.i.JtaPlatformInitiator       : HHH000490: Using JtaPlatform implementation: [org.hibernate.engine.transaction.jta.platform.internal.NoJtaPlatform]
2023-12-17 15:45:42.427  INFO 19556 --- [main] j.LocalContainerEntityManagerFactoryBean : Initialized JPA EntityManagerFactory for persistence unit 'default'
2023-12-17 15:45:42.846  WARN 19556 --- [main] JpaBaseConfiguration$JpaWebConfiguration : spring.jpa.open-in-view is enabled by default. Therefore, database queries may be performed during view rendering. Explicitly configure spring.jpa.open-in-view to disable this warning
2023-12-17 15:45:43.260  INFO 19556 --- [main] o.s.b.w.embedded.tomcat.TomcatWebServer  : Tomcat started on port(s): 8080 (http) with context path ''
2023-12-17 15:45:43.271  INFO 19556 --- [main] com.springboot.demo.DemoApplication      : Started DemoApplication in 4.852 seconds (JVM running for 6.08)
2023-12-17 15:45:46.752  INFO 19556 --- [http-nio-8080-exec-2] o.a.c.c.C.[Tomcat].[localhost].[/]       : Initializing Spring DispatcherServlet 'dispatcherServlet'
2023-12-17 15:45:46.753  INFO 19556 --- [http-nio-8080-exec-2] o.s.web.servlet.DispatcherServlet        : Initializing Servlet 'dispatcherServlet'
2023-12-17 15:45:46.757  INFO 19556 --- [http-nio-8080-exec-2] o.s.web.servlet.DispatcherServlet        : Completed initialization in 3 ms
2023-12-17 15:45:47.531  INFO 19556 --- [http-nio-8080-exec-7] o.springdoc.api.AbstractOpenApiResource  : Init duration for springdoc-openapi is: 479 ms
2023-12-17 16:04:27.480  INFO 10792 --- [main] com.springboot.demo.DemoApplication      : Starting DemoApplication using Java 11.0.15 on Ashwin-DESKTOP-89R6KLU with PID 10792 (C:\Ashwin\Professional\Wokspaces\Eclipse-Workspace\All In One\swagger_3\target\classes started by ashwin in C:\Ashwin\Professional\Wokspaces\Eclipse-Workspace\All In One\swagger_3)
2023-12-17 16:04:27.485  INFO 10792 --- [main] com.springboot.demo.DemoApplication      : The following 1 profile is active: "dev"
2023-12-17 16:04:28.147  INFO 10792 --- [main] .s.d.r.c.RepositoryConfigurationDelegate : Bootstrapping Spring Data JPA repositories in DEFAULT mode.
2023-12-17 16:04:28.209  INFO 10792 --- [main] .s.d.r.c.RepositoryConfigurationDelegate : Finished Spring Data repository scanning in 51 ms. Found 1 JPA repository interfaces.
2023-12-17 16:04:28.775  INFO 10792 --- [main] o.s.b.w.embedded.tomcat.TomcatWebServer  : Tomcat initialized with port(s): 8080 (http)
2023-12-17 16:04:28.786  INFO 10792 --- [main] o.apache.catalina.core.StandardService   : Starting service [Tomcat]
2023-12-17 16:04:28.786  INFO 10792 --- [main] org.apache.catalina.core.StandardEngine  : Starting Servlet engine: [Apache Tomcat/9.0.83]
2023-12-17 16:04:28.905  INFO 10792 --- [main] o.a.c.c.C.[Tomcat].[localhost].[/]       : Initializing Spring embedded WebApplicationContext
2023-12-17 16:04:28.905  INFO 10792 --- [main] w.s.c.ServletWebServerApplicationContext : Root WebApplicationContext: initialization completed in 1374 ms
2023-12-17 16:04:29.080  INFO 10792 --- [main] o.hibernate.jpa.internal.util.LogHelper  : HHH000204: Processing PersistenceUnitInfo [name: default]
2023-12-17 16:04:29.162  INFO 10792 --- [main] org.hibernate.Version                    : HHH000412: Hibernate ORM core version 5.6.15.Final
2023-12-17 16:04:29.370  INFO 10792 --- [main] o.hibernate.annotations.common.Version   : HCANN000001: Hibernate Commons Annotations {5.1.2.Final}
2023-12-17 16:04:29.501  INFO 10792 --- [main] com.zaxxer.hikari.HikariDataSource       : HikariPool-1 - Starting...
2023-12-17 16:04:29.714  INFO 10792 --- [main] com.zaxxer.hikari.HikariDataSource       : HikariPool-1 - Start completed.
2023-12-17 16:04:29.737  INFO 10792 --- [main] org.hibernate.dialect.Dialect            : HHH000400: Using dialect: org.hibernate.dialect.MySQL57Dialect
2023-12-17 16:04:30.432  INFO 10792 --- [main] o.h.e.t.j.p.i.JtaPlatformInitiator       : HHH000490: Using JtaPlatform implementation: [org.hibernate.engine.transaction.jta.platform.internal.NoJtaPlatform]
2023-12-17 16:04:30.443  INFO 10792 --- [main] j.LocalContainerEntityManagerFactoryBean : Initialized JPA EntityManagerFactory for persistence unit 'default'
2023-12-17 16:04:30.902  WARN 10792 --- [main] JpaBaseConfiguration$JpaWebConfiguration : spring.jpa.open-in-view is enabled by default. Therefore, database queries may be performed during view rendering. Explicitly configure spring.jpa.open-in-view to disable this warning
2023-12-17 16:04:31.330  INFO 10792 --- [main] o.s.b.w.embedded.tomcat.TomcatWebServer  : Tomcat started on port(s): 8080 (http) with context path ''
2023-12-17 16:04:31.339  INFO 10792 --- [main] com.springboot.demo.DemoApplication      : Started DemoApplication in 4.31 seconds (JVM running for 5.261)
2023-12-17 16:04:36.112  INFO 10792 --- [http-nio-8080-exec-2] o.a.c.c.C.[Tomcat].[localhost].[/]       : Initializing Spring DispatcherServlet 'dispatcherServlet'
2023-12-17 16:04:36.112  INFO 10792 --- [http-nio-8080-exec-2] o.s.web.servlet.DispatcherServlet        : Initializing Servlet 'dispatcherServlet'
2023-12-17 16:04:36.116  INFO 10792 --- [http-nio-8080-exec-2] o.s.web.servlet.DispatcherServlet        : Completed initialization in 4 ms
2023-12-17 16:04:36.838  INFO 10792 --- [http-nio-8080-exec-9] o.springdoc.api.AbstractOpenApiResource  : Init duration for springdoc-openapi is: 391 ms
2023-12-17 18:40:34.326  INFO 24184 --- [main] com.springboot.demo.DemoApplication      : Starting DemoApplication using Java 11.0.15 on Ashwin-DESKTOP-89R6KLU with PID 24184 (C:\Ashwin\Professional\Wokspaces\Eclipse-Workspace\All In One\swagger_3\target\classes started by ashwin in C:\Ashwin\Professional\Wokspaces\Eclipse-Workspace\All In One\swagger_3)
2023-12-17 18:40:34.331  INFO 24184 --- [main] com.springboot.demo.DemoApplication      : The following 1 profile is active: "dev"
2023-12-17 18:40:35.022  INFO 24184 --- [main] .s.d.r.c.RepositoryConfigurationDelegate : Bootstrapping Spring Data JPA repositories in DEFAULT mode.
2023-12-17 18:40:35.067  INFO 24184 --- [main] .s.d.r.c.RepositoryConfigurationDelegate : Finished Spring Data repository scanning in 36 ms. Found 1 JPA repository interfaces.
2023-12-17 18:40:35.568  INFO 24184 --- [main] o.s.b.w.embedded.tomcat.TomcatWebServer  : Tomcat initialized with port(s): 8080 (http)
2023-12-17 18:40:35.579  INFO 24184 --- [main] o.apache.catalina.core.StandardService   : Starting service [Tomcat]
2023-12-17 18:40:35.580  INFO 24184 --- [main] org.apache.catalina.core.StandardEngine  : Starting Servlet engine: [Apache Tomcat/9.0.83]
2023-12-17 18:40:35.701  INFO 24184 --- [main] o.a.c.c.C.[Tomcat].[localhost].[/]       : Initializing Spring embedded WebApplicationContext
2023-12-17 18:40:35.701  INFO 24184 --- [main] w.s.c.ServletWebServerApplicationContext : Root WebApplicationContext: initialization completed in 1316 ms
2023-12-17 18:40:35.904  INFO 24184 --- [main] o.hibernate.jpa.internal.util.LogHelper  : HHH000204: Processing PersistenceUnitInfo [name: default]
2023-12-17 18:40:35.957  INFO 24184 --- [main] org.hibernate.Version                    : HHH000412: Hibernate ORM core version 5.6.15.Final
2023-12-17 18:40:36.171  INFO 24184 --- [main] o.hibernate.annotations.common.Version   : HCANN000001: Hibernate Commons Annotations {5.1.2.Final}
2023-12-17 18:40:36.289  INFO 24184 --- [main] com.zaxxer.hikari.HikariDataSource       : HikariPool-1 - Starting...
2023-12-17 18:40:36.490  INFO 24184 --- [main] com.zaxxer.hikari.HikariDataSource       : HikariPool-1 - Start completed.
2023-12-17 18:40:36.507  INFO 24184 --- [main] org.hibernate.dialect.Dialect            : HHH000400: Using dialect: org.hibernate.dialect.MySQL57Dialect
2023-12-17 18:40:37.137  INFO 24184 --- [main] o.h.e.t.j.p.i.JtaPlatformInitiator       : HHH000490: Using JtaPlatform implementation: [org.hibernate.engine.transaction.jta.platform.internal.NoJtaPlatform]
2023-12-17 18:40:37.149  INFO 24184 --- [main] j.LocalContainerEntityManagerFactoryBean : Initialized JPA EntityManagerFactory for persistence unit 'default'
2023-12-17 18:40:37.607  WARN 24184 --- [main] JpaBaseConfiguration$JpaWebConfiguration : spring.jpa.open-in-view is enabled by default. Therefore, database queries may be performed during view rendering. Explicitly configure spring.jpa.open-in-view to disable this warning
2023-12-17 18:40:38.015  INFO 24184 --- [main] o.s.b.w.embedded.tomcat.TomcatWebServer  : Tomcat started on port(s): 8080 (http) with context path ''
2023-12-17 18:40:38.027  INFO 24184 --- [main] com.springboot.demo.DemoApplication      : Started DemoApplication in 4.145 seconds (JVM running for 5.543)
2023-12-17 18:40:50.383  INFO 24184 --- [http-nio-8080-exec-1] o.a.c.c.C.[Tomcat].[localhost].[/]       : Initializing Spring DispatcherServlet 'dispatcherServlet'
2023-12-17 18:40:50.384  INFO 24184 --- [http-nio-8080-exec-1] o.s.web.servlet.DispatcherServlet        : Initializing Servlet 'dispatcherServlet'
2023-12-17 18:40:50.386  INFO 24184 --- [http-nio-8080-exec-1] o.s.web.servlet.DispatcherServlet        : Completed initialization in 1 ms
2023-12-17 18:40:51.201  INFO 24184 --- [http-nio-8080-exec-9] o.springdoc.api.AbstractOpenApiResource  : Init duration for springdoc-openapi is: 414 ms
