2023-12-18 09:54:58.691  INFO 6852 --- [main] com.springboot.demo.DemoApplication      : Starting DemoApplication using Java 11.0.15 on Ashwin-DESKTOP-89R6KLU with PID 6852 (C:\Ashwin\Professional\Wokspaces\Eclipse-Workspace\All In One\security_with_db_auth_and_swagger_3\target\classes started by ashwin in C:\Ashwin\Professional\Wokspaces\Eclipse-Workspace\All In One\security_with_db_auth_and_swagger_3)
2023-12-18 09:54:58.705  INFO 6852 --- [main] com.springboot.demo.DemoApplication      : The following 1 profile is active: "dev"
2023-12-18 09:54:59.728  INFO 6852 --- [main] .s.d.r.c.RepositoryConfigurationDelegate : Bootstrapping Spring Data JPA repositories in DEFAULT mode.
2023-12-18 09:54:59.807  INFO 6852 --- [main] .s.d.r.c.RepositoryConfigurationDelegate : Finished Spring Data repository scanning in 67 ms. Found 1 JPA repository interfaces.
2023-12-18 09:55:00.417  INFO 6852 --- [main] o.s.b.w.embedded.tomcat.TomcatWebServer  : Tomcat initialized with port(s): 8080 (http)
2023-12-18 09:55:00.430  INFO 6852 --- [main] o.apache.catalina.core.StandardService   : Starting service [Tomcat]
2023-12-18 09:55:00.431  INFO 6852 --- [main] org.apache.catalina.core.StandardEngine  : Starting Servlet engine: [Apache Tomcat/9.0.83]
2023-12-18 09:55:00.584  INFO 6852 --- [main] o.a.c.c.C.[Tomcat].[localhost].[/]       : Initializing Spring embedded WebApplicationContext
2023-12-18 09:55:00.584  INFO 6852 --- [main] w.s.c.ServletWebServerApplicationContext : Root WebApplicationContext: initialization completed in 1816 ms
2023-12-18 09:55:00.805  INFO 6852 --- [main] o.hibernate.jpa.internal.util.LogHelper  : HHH000204: Processing PersistenceUnitInfo [name: default]
2023-12-18 09:55:00.884  INFO 6852 --- [main] org.hibernate.Version                    : HHH000412: Hibernate ORM core version 5.6.15.Final
2023-12-18 09:55:01.091  INFO 6852 --- [main] o.hibernate.annotations.common.Version   : HCANN000001: Hibernate Commons Annotations {5.1.2.Final}
2023-12-18 09:55:01.228  INFO 6852 --- [main] com.zaxxer.hikari.HikariDataSource       : HikariPool-1 - Starting...
2023-12-18 09:55:01.478  INFO 6852 --- [main] com.zaxxer.hikari.HikariDataSource       : HikariPool-1 - Start completed.
2023-12-18 09:55:01.514  INFO 6852 --- [main] org.hibernate.dialect.Dialect            : HHH000400: Using dialect: org.hibernate.dialect.MySQL57Dialect
2023-12-18 09:55:02.362  INFO 6852 --- [main] o.h.e.t.j.p.i.JtaPlatformInitiator       : HHH000490: Using JtaPlatform implementation: [org.hibernate.engine.transaction.jta.platform.internal.NoJtaPlatform]
2023-12-18 09:55:02.378  INFO 6852 --- [main] j.LocalContainerEntityManagerFactoryBean : Initialized JPA EntityManagerFactory for persistence unit 'default'
2023-12-18 09:55:03.012  WARN 6852 --- [main] JpaBaseConfiguration$JpaWebConfiguration : spring.jpa.open-in-view is enabled by default. Therefore, database queries may be performed during view rendering. Explicitly configure spring.jpa.open-in-view to disable this warning
2023-12-18 09:55:03.430  INFO 6852 --- [main] o.s.s.web.DefaultSecurityFilterChain     : Will secure any request with [org.springframework.security.web.session.DisableEncodeUrlFilter@16e5c19f, org.springframework.security.web.context.request.async.WebAsyncManagerIntegrationFilter@59263f7b, org.springframework.security.web.context.SecurityContextPersistenceFilter@3da30ce5, org.springframework.security.web.header.HeaderWriterFilter@6792f2c6, org.springframework.web.filter.CorsFilter@7ddcd3d, org.springframework.security.web.authentication.logout.LogoutFilter@7e764e5c, org.springframework.security.web.authentication.UsernamePasswordAuthenticationFilter@4e111e08, org.springframework.security.web.authentication.www.BasicAuthenticationFilter@11771fd6, org.springframework.security.web.savedrequest.RequestCacheAwareFilter@7054c068, org.springframework.security.web.servletapi.SecurityContextHolderAwareRequestFilter@367fbb28, org.springframework.security.web.authentication.AnonymousAuthenticationFilter@447a557b, org.springframework.security.web.session.SessionManagementFilter@530e08a7, org.springframework.security.web.access.ExceptionTranslationFilter@3606eee9, org.springframework.security.web.access.intercept.FilterSecurityInterceptor@2e488e45]
2023-12-18 09:55:03.762  INFO 6852 --- [main] o.s.b.w.embedded.tomcat.TomcatWebServer  : Tomcat started on port(s): 8080 (http) with context path ''
2023-12-18 09:55:03.771  INFO 6852 --- [main] com.springboot.demo.DemoApplication      : Started DemoApplication in 5.623 seconds (JVM running for 6.627)
2023-12-18 09:55:06.625  INFO 6852 --- [http-nio-8080-exec-4] o.a.c.c.C.[Tomcat].[localhost].[/]       : Initializing Spring DispatcherServlet 'dispatcherServlet'
2023-12-18 09:55:06.626  INFO 6852 --- [http-nio-8080-exec-4] o.s.web.servlet.DispatcherServlet        : Initializing Servlet 'dispatcherServlet'
2023-12-18 09:55:06.628  INFO 6852 --- [http-nio-8080-exec-4] o.s.web.servlet.DispatcherServlet        : Completed initialization in 1 ms
2023-12-18 09:55:07.743  INFO 6852 --- [http-nio-8080-exec-9] o.springdoc.api.AbstractOpenApiResource  : Init duration for springdoc-openapi is: 592 ms
2023-12-18 09:55:19.626 DEBUG 6852 --- [http-nio-8080-exec-4] org.hibernate.SQL                        : 
    select
        user0_.id as id1_0_,
        user0_.email_id as email_id2_0_,
        user0_.password as password3_0_,
        user0_.role as role4_0_,
        user0_.user_name as user_nam5_0_ 
    from
        user user0_ 
    where
        user0_.email_id=?
2023-12-18 09:55:19.639 TRACE 6852 --- [http-nio-8080-exec-4] o.h.type.descriptor.sql.BasicBinder      : binding parameter [1] as [VARCHAR] - [d]
2023-12-18 09:55:30.560 DEBUG 6852 --- [http-nio-8080-exec-2] org.hibernate.SQL                        : 
    select
        user0_.id as id1_0_,
        user0_.email_id as email_id2_0_,
        user0_.password as password3_0_,
        user0_.role as role4_0_,
        user0_.user_name as user_nam5_0_ 
    from
        user user0_ 
    where
        user0_.email_id=?
2023-12-18 09:55:30.562 TRACE 6852 --- [http-nio-8080-exec-2] o.h.type.descriptor.sql.BasicBinder      : binding parameter [1] as [VARCHAR] - [u@u.com]
2023-12-18 09:55:30.852 DEBUG 6852 --- [http-nio-8080-exec-2] org.hibernate.SQL                        : 
    select
        user0_.id as id1_0_,
        user0_.email_id as email_id2_0_,
        user0_.password as password3_0_,
        user0_.role as role4_0_,
        user0_.user_name as user_nam5_0_ 
    from
        user user0_
2023-12-18 10:01:27.947  INFO 14352 --- [main] com.springboot.demo.DemoApplication      : Starting DemoApplication using Java 11.0.15 on Ashwin-DESKTOP-89R6KLU with PID 14352 (C:\Ashwin\Professional\Wokspaces\Eclipse-Workspace\All In One\security_with_db_auth_and_swagger_3\target\classes started by ashwin in C:\Ashwin\Professional\Wokspaces\Eclipse-Workspace\All In One\security_with_db_auth_and_swagger_3)
2023-12-18 10:01:27.953  INFO 14352 --- [main] com.springboot.demo.DemoApplication      : The following 1 profile is active: "dev"
2023-12-18 10:01:28.806  INFO 14352 --- [main] .s.d.r.c.RepositoryConfigurationDelegate : Bootstrapping Spring Data JPA repositories in DEFAULT mode.
2023-12-18 10:01:28.860  INFO 14352 --- [main] .s.d.r.c.RepositoryConfigurationDelegate : Finished Spring Data repository scanning in 45 ms. Found 1 JPA repository interfaces.
2023-12-18 10:01:29.399  INFO 14352 --- [main] o.s.b.w.embedded.tomcat.TomcatWebServer  : Tomcat initialized with port(s): 8080 (http)
2023-12-18 10:01:29.411  INFO 14352 --- [main] o.apache.catalina.core.StandardService   : Starting service [Tomcat]
2023-12-18 10:01:29.412  INFO 14352 --- [main] org.apache.catalina.core.StandardEngine  : Starting Servlet engine: [Apache Tomcat/9.0.83]
2023-12-18 10:01:29.538  INFO 14352 --- [main] o.a.c.c.C.[Tomcat].[localhost].[/]       : Initializing Spring embedded WebApplicationContext
2023-12-18 10:01:29.538  INFO 14352 --- [main] w.s.c.ServletWebServerApplicationContext : Root WebApplicationContext: initialization completed in 1536 ms
2023-12-18 10:01:29.708  INFO 14352 --- [main] o.hibernate.jpa.internal.util.LogHelper  : HHH000204: Processing PersistenceUnitInfo [name: default]
2023-12-18 10:01:29.796  INFO 14352 --- [main] org.hibernate.Version                    : HHH000412: Hibernate ORM core version 5.6.15.Final
2023-12-18 10:01:30.010  INFO 14352 --- [main] o.hibernate.annotations.common.Version   : HCANN000001: Hibernate Commons Annotations {5.1.2.Final}
2023-12-18 10:01:30.141  INFO 14352 --- [main] com.zaxxer.hikari.HikariDataSource       : HikariPool-1 - Starting...
2023-12-18 10:01:30.381  INFO 14352 --- [main] com.zaxxer.hikari.HikariDataSource       : HikariPool-1 - Start completed.
2023-12-18 10:01:30.407  INFO 14352 --- [main] org.hibernate.dialect.Dialect            : HHH000400: Using dialect: org.hibernate.dialect.MySQL57Dialect
2023-12-18 10:01:31.298  INFO 14352 --- [main] o.h.e.t.j.p.i.JtaPlatformInitiator       : HHH000490: Using JtaPlatform implementation: [org.hibernate.engine.transaction.jta.platform.internal.NoJtaPlatform]
2023-12-18 10:01:31.312  INFO 14352 --- [main] j.LocalContainerEntityManagerFactoryBean : Initialized JPA EntityManagerFactory for persistence unit 'default'
2023-12-18 10:01:31.818  WARN 14352 --- [main] JpaBaseConfiguration$JpaWebConfiguration : spring.jpa.open-in-view is enabled by default. Therefore, database queries may be performed during view rendering. Explicitly configure spring.jpa.open-in-view to disable this warning
2023-12-18 10:01:32.161  INFO 14352 --- [main] o.s.s.web.DefaultSecurityFilterChain     : Will secure any request with [org.springframework.security.web.session.DisableEncodeUrlFilter@35198da3, org.springframework.security.web.context.request.async.WebAsyncManagerIntegrationFilter@7f08c343, org.springframework.security.web.context.SecurityContextPersistenceFilter@7890fbf9, org.springframework.security.web.header.HeaderWriterFilter@75b4db22, org.springframework.web.filter.CorsFilter@7fba492e, org.springframework.security.web.authentication.logout.LogoutFilter@477e5b69, org.springframework.security.web.authentication.UsernamePasswordAuthenticationFilter@2a15bbf3, org.springframework.security.web.authentication.www.BasicAuthenticationFilter@16b2d182, org.springframework.security.web.savedrequest.RequestCacheAwareFilter@167bae0b, org.springframework.security.web.servletapi.SecurityContextHolderAwareRequestFilter@3606eee9, org.springframework.security.web.authentication.AnonymousAuthenticationFilter@6eeeb9da, org.springframework.security.web.session.SessionManagementFilter@23909b3, org.springframework.security.web.access.ExceptionTranslationFilter@346a2799, org.springframework.security.web.access.intercept.FilterSecurityInterceptor@3333245e]
2023-12-18 10:01:32.511  INFO 14352 --- [main] o.s.b.w.embedded.tomcat.TomcatWebServer  : Tomcat started on port(s): 8080 (http) with context path ''
2023-12-18 10:01:32.523  INFO 14352 --- [main] com.springboot.demo.DemoApplication      : Started DemoApplication in 5.011 seconds (JVM running for 5.905)
2023-12-18 10:01:35.297  INFO 14352 --- [http-nio-8080-exec-2] o.a.c.c.C.[Tomcat].[localhost].[/]       : Initializing Spring DispatcherServlet 'dispatcherServlet'
2023-12-18 10:01:35.298  INFO 14352 --- [http-nio-8080-exec-2] o.s.web.servlet.DispatcherServlet        : Initializing Servlet 'dispatcherServlet'
2023-12-18 10:01:35.300  INFO 14352 --- [http-nio-8080-exec-2] o.s.web.servlet.DispatcherServlet        : Completed initialization in 1 ms
2023-12-18 10:01:35.907  INFO 14352 --- [http-nio-8080-exec-9] o.springdoc.api.AbstractOpenApiResource  : Init duration for springdoc-openapi is: 232 ms
2023-12-18 10:01:48.502 DEBUG 14352 --- [http-nio-8080-exec-4] org.hibernate.SQL                        : 
    select
        user0_.id as id1_0_,
        user0_.email_id as email_id2_0_,
        user0_.password as password3_0_,
        user0_.role as role4_0_,
        user0_.user_name as user_nam5_0_ 
    from
        user user0_ 
    where
        user0_.email_id=?
2023-12-18 10:01:48.518 TRACE 14352 --- [http-nio-8080-exec-4] o.h.type.descriptor.sql.BasicBinder      : binding parameter [1] as [VARCHAR] - [a@a.com]
